ARM GAS  C:\Users\andywei\AppData\Local\Temp\ccEYNi38.s 			page 1


   1              		.cpu cortex-m4
   2              		.eabi_attribute 27, 1
   3              		.eabi_attribute 28, 1
   4              		.eabi_attribute 20, 1
   5              		.eabi_attribute 21, 1
   6              		.eabi_attribute 23, 3
   7              		.eabi_attribute 24, 1
   8              		.eabi_attribute 25, 1
   9              		.eabi_attribute 26, 1
  10              		.eabi_attribute 30, 1
  11              		.eabi_attribute 34, 1
  12              		.eabi_attribute 18, 4
  13              		.file	"delay-board.c"
  14              		.text
  15              	.Ltext0:
  16              		.cfi_sections	.debug_frame
  17              		.section	.text.DelayMsMcu,"ax",%progbits
  18              		.align	1
  19              		.global	DelayMsMcu
  20              		.arch armv7e-m
  21              		.syntax unified
  22              		.thumb
  23              		.thumb_func
  24              		.fpu fpv4-sp-d16
  26              	DelayMsMcu:
  27              	.LVL0:
  28              	.LFB132:
  29              		.file 1 "Drivers/sx126x/boards/NucleoL476/delay-board.c"
   1:Drivers/sx126x/boards/NucleoL476/delay-board.c **** /*!
   2:Drivers/sx126x/boards/NucleoL476/delay-board.c ****  * \file      delay-board.c
   3:Drivers/sx126x/boards/NucleoL476/delay-board.c ****  *
   4:Drivers/sx126x/boards/NucleoL476/delay-board.c ****  * \brief     Target board delay implementation
   5:Drivers/sx126x/boards/NucleoL476/delay-board.c ****  *
   6:Drivers/sx126x/boards/NucleoL476/delay-board.c ****  * \copyright Revised BSD License, see section \ref LICENSE.
   7:Drivers/sx126x/boards/NucleoL476/delay-board.c ****  *
   8:Drivers/sx126x/boards/NucleoL476/delay-board.c ****  * \code
   9:Drivers/sx126x/boards/NucleoL476/delay-board.c ****  *                ______                              _
  10:Drivers/sx126x/boards/NucleoL476/delay-board.c ****  *               / _____)             _              | |
  11:Drivers/sx126x/boards/NucleoL476/delay-board.c ****  *              ( (____  _____ ____ _| |_ _____  ____| |__
  12:Drivers/sx126x/boards/NucleoL476/delay-board.c ****  *               \____ \| ___ |    (_   _) ___ |/ ___)  _ \
  13:Drivers/sx126x/boards/NucleoL476/delay-board.c ****  *               _____) ) ____| | | || |_| ____( (___| | | |
  14:Drivers/sx126x/boards/NucleoL476/delay-board.c ****  *              (______/|_____)_|_|_| \__)_____)\____)_| |_|
  15:Drivers/sx126x/boards/NucleoL476/delay-board.c ****  *              (C)2013-2017 Semtech
  16:Drivers/sx126x/boards/NucleoL476/delay-board.c ****  *
  17:Drivers/sx126x/boards/NucleoL476/delay-board.c ****  * \endcode
  18:Drivers/sx126x/boards/NucleoL476/delay-board.c ****  *
  19:Drivers/sx126x/boards/NucleoL476/delay-board.c ****  * \author    Miguel Luis ( Semtech )
  20:Drivers/sx126x/boards/NucleoL476/delay-board.c ****  *
  21:Drivers/sx126x/boards/NucleoL476/delay-board.c ****  * \author    Gregory Cristian ( Semtech )
  22:Drivers/sx126x/boards/NucleoL476/delay-board.c ****  *
  23:Drivers/sx126x/boards/NucleoL476/delay-board.c ****  * \author    Johannes Bruder ( STACKFORCE )
  24:Drivers/sx126x/boards/NucleoL476/delay-board.c ****  */
  25:Drivers/sx126x/boards/NucleoL476/delay-board.c **** #include "stm32l4xx.h"
  26:Drivers/sx126x/boards/NucleoL476/delay-board.c **** #include "delay-board.h"
  27:Drivers/sx126x/boards/NucleoL476/delay-board.c **** 
  28:Drivers/sx126x/boards/NucleoL476/delay-board.c **** void DelayMsMcu( uint32_t ms )
  29:Drivers/sx126x/boards/NucleoL476/delay-board.c **** {
ARM GAS  C:\Users\andywei\AppData\Local\Temp\ccEYNi38.s 			page 2


  30              		.loc 1 29 1 view -0
  31              		.cfi_startproc
  32              		@ args = 0, pretend = 0, frame = 0
  33              		@ frame_needed = 0, uses_anonymous_args = 0
  34              		.loc 1 29 1 is_stmt 0 view .LVU1
  35 0000 08B5     		push	{r3, lr}
  36              	.LCFI0:
  37              		.cfi_def_cfa_offset 8
  38              		.cfi_offset 3, -8
  39              		.cfi_offset 14, -4
  30:Drivers/sx126x/boards/NucleoL476/delay-board.c ****     HAL_Delay( ms );
  40              		.loc 1 30 5 is_stmt 1 view .LVU2
  41 0002 FFF7FEFF 		bl	HAL_Delay
  42              	.LVL1:
  31:Drivers/sx126x/boards/NucleoL476/delay-board.c **** }
  43              		.loc 1 31 1 is_stmt 0 view .LVU3
  44 0006 08BD     		pop	{r3, pc}
  45              		.cfi_endproc
  46              	.LFE132:
  48              		.text
  49              	.Letext0:
  50              		.file 2 "c:\\gnu arm embedded toolchain\\10 2020-q4-major\\arm-none-eabi\\include\\machine\\_defau
  51              		.file 3 "c:\\gnu arm embedded toolchain\\10 2020-q4-major\\arm-none-eabi\\include\\sys\\_stdint.h"
  52              		.file 4 "Drivers/STM32L4xx_HAL_Driver/Inc/stm32l4xx_hal.h"
ARM GAS  C:\Users\andywei\AppData\Local\Temp\ccEYNi38.s 			page 3


DEFINED SYMBOLS
                            *ABS*:00000000 delay-board.c
C:\Users\andywei\AppData\Local\Temp\ccEYNi38.s:18     .text.DelayMsMcu:00000000 $t
C:\Users\andywei\AppData\Local\Temp\ccEYNi38.s:26     .text.DelayMsMcu:00000000 DelayMsMcu

UNDEFINED SYMBOLS
HAL_Delay
