ARM GAS  C:\Users\andywei\AppData\Local\Temp\cck2e9YR.s 			page 1


   1              		.cpu cortex-m4
   2              		.eabi_attribute 27, 1
   3              		.eabi_attribute 28, 1
   4              		.eabi_attribute 20, 1
   5              		.eabi_attribute 21, 1
   6              		.eabi_attribute 23, 3
   7              		.eabi_attribute 24, 1
   8              		.eabi_attribute 25, 1
   9              		.eabi_attribute 26, 1
  10              		.eabi_attribute 30, 1
  11              		.eabi_attribute 34, 1
  12              		.eabi_attribute 18, 4
  13              		.file	"gpio.c"
  14              		.text
  15              	.Ltext0:
  16              		.cfi_sections	.debug_frame
  17              		.section	.text.GpioSetContext,"ax",%progbits
  18              		.align	1
  19              		.global	GpioSetContext
  20              		.arch armv7e-m
  21              		.syntax unified
  22              		.thumb
  23              		.thumb_func
  24              		.fpu fpv4-sp-d16
  26              	GpioSetContext:
  27              	.LVL0:
  28              	.LFB136:
  29              		.file 1 "Drivers/sx126x/system/gpio.c"
   1:Drivers/sx126x/system/gpio.c **** /*!
   2:Drivers/sx126x/system/gpio.c ****  * \file      gpio.c
   3:Drivers/sx126x/system/gpio.c ****  *
   4:Drivers/sx126x/system/gpio.c ****  * \brief     GPIO driver implementation
   5:Drivers/sx126x/system/gpio.c ****  *
   6:Drivers/sx126x/system/gpio.c ****  * \remark: Relies on the specific board GPIO implementation as well as on
   7:Drivers/sx126x/system/gpio.c ****  *          IO expander driver implementation if one is available on the target
   8:Drivers/sx126x/system/gpio.c ****  *          board.
   9:Drivers/sx126x/system/gpio.c ****  *
  10:Drivers/sx126x/system/gpio.c ****  * \copyright Revised BSD License, see section \ref LICENSE.
  11:Drivers/sx126x/system/gpio.c ****  *
  12:Drivers/sx126x/system/gpio.c ****  * \code
  13:Drivers/sx126x/system/gpio.c ****  *                ______                              _
  14:Drivers/sx126x/system/gpio.c ****  *               / _____)             _              | |
  15:Drivers/sx126x/system/gpio.c ****  *              ( (____  _____ ____ _| |_ _____  ____| |__
  16:Drivers/sx126x/system/gpio.c ****  *               \____ \| ___ |    (_   _) ___ |/ ___)  _ \
  17:Drivers/sx126x/system/gpio.c ****  *               _____) ) ____| | | || |_| ____( (___| | | |
  18:Drivers/sx126x/system/gpio.c ****  *              (______/|_____)_|_|_| \__)_____)\____)_| |_|
  19:Drivers/sx126x/system/gpio.c ****  *              (C)2013-2017 Semtech
  20:Drivers/sx126x/system/gpio.c ****  *
  21:Drivers/sx126x/system/gpio.c ****  * \endcode
  22:Drivers/sx126x/system/gpio.c ****  *
  23:Drivers/sx126x/system/gpio.c ****  * \author    Miguel Luis ( Semtech )
  24:Drivers/sx126x/system/gpio.c ****  *
  25:Drivers/sx126x/system/gpio.c ****  * \author    Gregory Cristian ( Semtech )
  26:Drivers/sx126x/system/gpio.c ****  */
  27:Drivers/sx126x/system/gpio.c **** #include "gpio-board.h"
  28:Drivers/sx126x/system/gpio.c **** #include "board-config.h"
  29:Drivers/sx126x/system/gpio.c **** #include "stm32l4xx_hal.h"
ARM GAS  C:\Users\andywei\AppData\Local\Temp\cck2e9YR.s 			page 2


  30:Drivers/sx126x/system/gpio.c **** #include <stdio.h>
  31:Drivers/sx126x/system/gpio.c **** 
  32:Drivers/sx126x/system/gpio.c **** void GpioInit( Gpio_t *obj, PinNames pin, PinModes mode,  PinConfigs config, PinTypes type, uint32_
  33:Drivers/sx126x/system/gpio.c **** {
  34:Drivers/sx126x/system/gpio.c ****     // GpioMcuInit( obj, pin, mode, config, type, value );
  35:Drivers/sx126x/system/gpio.c ****     obj->pin=pin;
  36:Drivers/sx126x/system/gpio.c ****     if(mode==PIN_OUTPUT)
  37:Drivers/sx126x/system/gpio.c ****     {
  38:Drivers/sx126x/system/gpio.c ****         GpioWrite(obj,value);
  39:Drivers/sx126x/system/gpio.c ****     }
  40:Drivers/sx126x/system/gpio.c ****     else
  41:Drivers/sx126x/system/gpio.c ****     {
  42:Drivers/sx126x/system/gpio.c ****         printf("PinName is %d,PinModes is %d\n",pin,mode);
  43:Drivers/sx126x/system/gpio.c ****     }
  44:Drivers/sx126x/system/gpio.c **** 
  45:Drivers/sx126x/system/gpio.c **** }
  46:Drivers/sx126x/system/gpio.c **** 
  47:Drivers/sx126x/system/gpio.c **** void GpioSetContext( Gpio_t *obj, void* context )
  48:Drivers/sx126x/system/gpio.c **** {
  30              		.loc 1 48 1 view -0
  31              		.cfi_startproc
  32              		@ args = 0, pretend = 0, frame = 0
  33              		@ frame_needed = 0, uses_anonymous_args = 0
  34              		.loc 1 48 1 is_stmt 0 view .LVU1
  35 0000 08B5     		push	{r3, lr}
  36              	.LCFI0:
  37              		.cfi_def_cfa_offset 8
  38              		.cfi_offset 3, -8
  39              		.cfi_offset 14, -4
  49:Drivers/sx126x/system/gpio.c ****     GpioMcuSetContext( obj, context );
  40              		.loc 1 49 5 is_stmt 1 view .LVU2
  41 0002 FFF7FEFF 		bl	GpioMcuSetContext
  42              	.LVL1:
  50:Drivers/sx126x/system/gpio.c **** }
  43              		.loc 1 50 1 is_stmt 0 view .LVU3
  44 0006 08BD     		pop	{r3, pc}
  45              		.cfi_endproc
  46              	.LFE136:
  48              		.section	.text.GpioSetInterrupt,"ax",%progbits
  49              		.align	1
  50              		.global	GpioSetInterrupt
  51              		.syntax unified
  52              		.thumb
  53              		.thumb_func
  54              		.fpu fpv4-sp-d16
  56              	GpioSetInterrupt:
  57              	.LVL2:
  58              	.LFB137:
  51:Drivers/sx126x/system/gpio.c **** 
  52:Drivers/sx126x/system/gpio.c **** void GpioSetInterrupt( Gpio_t *obj, IrqModes irqMode, IrqPriorities irqPriority, GpioIrqHandler *ir
  53:Drivers/sx126x/system/gpio.c **** {
  59              		.loc 1 53 1 is_stmt 1 view -0
  60              		.cfi_startproc
  61              		@ args = 0, pretend = 0, frame = 0
  62              		@ frame_needed = 0, uses_anonymous_args = 0
  63              		@ link register save eliminated.
  54:Drivers/sx126x/system/gpio.c ****     // GpioMcuSetInterrupt( obj, irqMode, irqPriority, irqHandler );
ARM GAS  C:\Users\andywei\AppData\Local\Temp\cck2e9YR.s 			page 3


  55:Drivers/sx126x/system/gpio.c **** }
  64              		.loc 1 55 1 view .LVU5
  65 0000 7047     		bx	lr
  66              		.cfi_endproc
  67              	.LFE137:
  69              		.section	.text.GpioRemoveInterrupt,"ax",%progbits
  70              		.align	1
  71              		.global	GpioRemoveInterrupt
  72              		.syntax unified
  73              		.thumb
  74              		.thumb_func
  75              		.fpu fpv4-sp-d16
  77              	GpioRemoveInterrupt:
  78              	.LVL3:
  79              	.LFB138:
  56:Drivers/sx126x/system/gpio.c **** 
  57:Drivers/sx126x/system/gpio.c **** void GpioRemoveInterrupt( Gpio_t *obj )
  58:Drivers/sx126x/system/gpio.c **** {
  80              		.loc 1 58 1 view -0
  81              		.cfi_startproc
  82              		@ args = 0, pretend = 0, frame = 0
  83              		@ frame_needed = 0, uses_anonymous_args = 0
  84              		.loc 1 58 1 is_stmt 0 view .LVU7
  85 0000 08B5     		push	{r3, lr}
  86              	.LCFI1:
  87              		.cfi_def_cfa_offset 8
  88              		.cfi_offset 3, -8
  89              		.cfi_offset 14, -4
  59:Drivers/sx126x/system/gpio.c ****     GpioMcuRemoveInterrupt( obj );
  90              		.loc 1 59 5 is_stmt 1 view .LVU8
  91 0002 FFF7FEFF 		bl	GpioMcuRemoveInterrupt
  92              	.LVL4:
  60:Drivers/sx126x/system/gpio.c **** }
  93              		.loc 1 60 1 is_stmt 0 view .LVU9
  94 0006 08BD     		pop	{r3, pc}
  95              		.cfi_endproc
  96              	.LFE138:
  98              		.section	.rodata.GpioWrite.str1.4,"aMS",%progbits,1
  99              		.align	2
 100              	.LC0:
 101 0000 74686520 		.ascii	"the pinname is %d\012\000"
 101      70696E6E 
 101      616D6520 
 101      69732025 
 101      640A00
 102 0013 00       		.align	2
 103              	.LC1:
 104 0014 6770696F 		.ascii	"gpio write\000"
 104      20777269 
 104      746500
 105              		.section	.text.GpioWrite,"ax",%progbits
 106              		.align	1
 107              		.global	GpioWrite
 108              		.syntax unified
 109              		.thumb
 110              		.thumb_func
 111              		.fpu fpv4-sp-d16
ARM GAS  C:\Users\andywei\AppData\Local\Temp\cck2e9YR.s 			page 4


 113              	GpioWrite:
 114              	.LVL5:
 115              	.LFB139:
  61:Drivers/sx126x/system/gpio.c **** 
  62:Drivers/sx126x/system/gpio.c **** void GpioWrite( Gpio_t *obj, uint32_t value )
  63:Drivers/sx126x/system/gpio.c **** {
 116              		.loc 1 63 1 is_stmt 1 view -0
 117              		.cfi_startproc
 118              		@ args = 0, pretend = 0, frame = 0
 119              		@ frame_needed = 0, uses_anonymous_args = 0
 120              		.loc 1 63 1 is_stmt 0 view .LVU11
 121 0000 08B5     		push	{r3, lr}
 122              	.LCFI2:
 123              		.cfi_def_cfa_offset 8
 124              		.cfi_offset 3, -8
 125              		.cfi_offset 14, -4
 126 0002 0A46     		mov	r2, r1
  64:Drivers/sx126x/system/gpio.c ****     // GpioMcuWrite( obj, value );
  65:Drivers/sx126x/system/gpio.c ****     if(obj->pin==LED_1)
 127              		.loc 1 65 5 is_stmt 1 view .LVU12
 128              		.loc 1 65 11 is_stmt 0 view .LVU13
 129 0004 90F90010 		ldrsb	r1, [r0]
 130              	.LVL6:
 131              		.loc 1 65 7 view .LVU14
 132 0008 2129     		cmp	r1, #33
 133 000a 11D0     		beq	.L16
  66:Drivers/sx126x/system/gpio.c ****     {
  67:Drivers/sx126x/system/gpio.c ****         HAL_GPIO_WritePin(GPIOC, GPIO_PIN_1 , ( GPIO_PinState )value );
  68:Drivers/sx126x/system/gpio.c ****     }
  69:Drivers/sx126x/system/gpio.c ****     else if(obj->pin==LED_2)
 134              		.loc 1 69 10 is_stmt 1 view .LVU15
 135              		.loc 1 69 12 is_stmt 0 view .LVU16
 136 000c 2029     		cmp	r1, #32
 137 000e 15D0     		beq	.L17
  70:Drivers/sx126x/system/gpio.c ****     {
  71:Drivers/sx126x/system/gpio.c ****         HAL_GPIO_WritePin(GPIOC, GPIO_PIN_0 , ( GPIO_PinState )value );
  72:Drivers/sx126x/system/gpio.c ****     }
  73:Drivers/sx126x/system/gpio.c ****     else if(obj->pin==RADIO_RESET) // reset
 138              		.loc 1 73 10 is_stmt 1 view .LVU17
 139              		.loc 1 73 12 is_stmt 0 view .LVU18
 140 0010 D1B1     		cbz	r1, .L18
  74:Drivers/sx126x/system/gpio.c ****     {
  75:Drivers/sx126x/system/gpio.c ****         HAL_GPIO_WritePin(GPIOA, GPIO_PIN_0 , ( GPIO_PinState )value );
  76:Drivers/sx126x/system/gpio.c ****     }
  77:Drivers/sx126x/system/gpio.c ****     else if(obj->pin==RADIO_NSS)// spi_nss
 141              		.loc 1 77 10 is_stmt 1 view .LVU19
 142              		.loc 1 77 12 is_stmt 0 view .LVU20
 143 0012 0829     		cmp	r1, #8
 144 0014 1FD0     		beq	.L19
  78:Drivers/sx126x/system/gpio.c ****     {
  79:Drivers/sx126x/system/gpio.c ****         HAL_GPIO_WritePin(GPIOA, GPIO_PIN_8 , ( GPIO_PinState )value );
  80:Drivers/sx126x/system/gpio.c ****     }
  81:Drivers/sx126x/system/gpio.c ****      else if(obj->pin==RADIO_MOSI)// spi_mosi
 145              		.loc 1 81 11 is_stmt 1 view .LVU21
 146              		.loc 1 81 13 is_stmt 0 view .LVU22
 147 0016 0729     		cmp	r1, #7
 148 0018 25D0     		beq	.L20
ARM GAS  C:\Users\andywei\AppData\Local\Temp\cck2e9YR.s 			page 5


  82:Drivers/sx126x/system/gpio.c ****     {
  83:Drivers/sx126x/system/gpio.c ****         HAL_GPIO_WritePin(GPIOA, GPIO_PIN_7 , ( GPIO_PinState )value );
  84:Drivers/sx126x/system/gpio.c ****     }
  85:Drivers/sx126x/system/gpio.c ****      else if(obj->pin==RADIO_MISO)// spi_miso
 149              		.loc 1 85 11 is_stmt 1 view .LVU23
 150              		.loc 1 85 13 is_stmt 0 view .LVU24
 151 001a 0629     		cmp	r1, #6
 152 001c 2AD0     		beq	.L21
  86:Drivers/sx126x/system/gpio.c ****     {
  87:Drivers/sx126x/system/gpio.c ****         HAL_GPIO_WritePin(GPIOA, GPIO_PIN_6 , ( GPIO_PinState )value );
  88:Drivers/sx126x/system/gpio.c ****     }
  89:Drivers/sx126x/system/gpio.c ****      else if(obj->pin==RADIO_SCLK)// spi_sck
 153              		.loc 1 89 11 is_stmt 1 view .LVU25
 154              		.loc 1 89 13 is_stmt 0 view .LVU26
 155 001e 0529     		cmp	r1, #5
 156 0020 2FD0     		beq	.L22
  90:Drivers/sx126x/system/gpio.c ****     {
  91:Drivers/sx126x/system/gpio.c ****         HAL_GPIO_WritePin(GPIOA, GPIO_PIN_5 , ( GPIO_PinState )value );
  92:Drivers/sx126x/system/gpio.c ****     }
  93:Drivers/sx126x/system/gpio.c ****     else
  94:Drivers/sx126x/system/gpio.c ****     {
  95:Drivers/sx126x/system/gpio.c ****         printf("the pinname is %d\n",obj->pin);
 157              		.loc 1 95 9 is_stmt 1 view .LVU27
 158 0022 1B48     		ldr	r0, .L23
 159              	.LVL7:
 160              		.loc 1 95 9 is_stmt 0 view .LVU28
 161 0024 FFF7FEFF 		bl	printf
 162              	.LVL8:
  96:Drivers/sx126x/system/gpio.c ****         printf("gpio write\n");
 163              		.loc 1 96 9 is_stmt 1 view .LVU29
 164 0028 1A48     		ldr	r0, .L23+4
 165 002a FFF7FEFF 		bl	puts
 166              	.LVL9:
  97:Drivers/sx126x/system/gpio.c ****         ;
 167              		.loc 1 97 9 view .LVU30
  98:Drivers/sx126x/system/gpio.c ****     }
  99:Drivers/sx126x/system/gpio.c **** }
 168              		.loc 1 99 1 is_stmt 0 view .LVU31
 169 002e 11E0     		b	.L6
 170              	.LVL10:
 171              	.L16:
  67:Drivers/sx126x/system/gpio.c ****     }
 172              		.loc 1 67 9 is_stmt 1 view .LVU32
 173 0030 D2B2     		uxtb	r2, r2
 174              	.LVL11:
  67:Drivers/sx126x/system/gpio.c ****     }
 175              		.loc 1 67 9 is_stmt 0 view .LVU33
 176 0032 0221     		movs	r1, #2
 177 0034 1848     		ldr	r0, .L23+8
 178              	.LVL12:
  67:Drivers/sx126x/system/gpio.c ****     }
 179              		.loc 1 67 9 view .LVU34
 180 0036 FFF7FEFF 		bl	HAL_GPIO_WritePin
 181              	.LVL13:
 182 003a 0BE0     		b	.L6
 183              	.LVL14:
 184              	.L17:
ARM GAS  C:\Users\andywei\AppData\Local\Temp\cck2e9YR.s 			page 6


  71:Drivers/sx126x/system/gpio.c ****     }
 185              		.loc 1 71 9 is_stmt 1 view .LVU35
 186 003c D2B2     		uxtb	r2, r2
 187              	.LVL15:
  71:Drivers/sx126x/system/gpio.c ****     }
 188              		.loc 1 71 9 is_stmt 0 view .LVU36
 189 003e 0121     		movs	r1, #1
 190 0040 1548     		ldr	r0, .L23+8
 191              	.LVL16:
  71:Drivers/sx126x/system/gpio.c ****     }
 192              		.loc 1 71 9 view .LVU37
 193 0042 FFF7FEFF 		bl	HAL_GPIO_WritePin
 194              	.LVL17:
 195 0046 05E0     		b	.L6
 196              	.LVL18:
 197              	.L18:
  75:Drivers/sx126x/system/gpio.c ****     }
 198              		.loc 1 75 9 is_stmt 1 view .LVU38
 199 0048 D2B2     		uxtb	r2, r2
 200              	.LVL19:
  75:Drivers/sx126x/system/gpio.c ****     }
 201              		.loc 1 75 9 is_stmt 0 view .LVU39
 202 004a 0121     		movs	r1, #1
 203 004c 4FF09040 		mov	r0, #1207959552
 204              	.LVL20:
  75:Drivers/sx126x/system/gpio.c ****     }
 205              		.loc 1 75 9 view .LVU40
 206 0050 FFF7FEFF 		bl	HAL_GPIO_WritePin
 207              	.LVL21:
 208              	.L6:
 209              		.loc 1 99 1 view .LVU41
 210 0054 08BD     		pop	{r3, pc}
 211              	.LVL22:
 212              	.L19:
  79:Drivers/sx126x/system/gpio.c ****     }
 213              		.loc 1 79 9 is_stmt 1 view .LVU42
 214 0056 D2B2     		uxtb	r2, r2
 215              	.LVL23:
  79:Drivers/sx126x/system/gpio.c ****     }
 216              		.loc 1 79 9 is_stmt 0 view .LVU43
 217 0058 4FF48071 		mov	r1, #256
 218 005c 4FF09040 		mov	r0, #1207959552
 219              	.LVL24:
  79:Drivers/sx126x/system/gpio.c ****     }
 220              		.loc 1 79 9 view .LVU44
 221 0060 FFF7FEFF 		bl	HAL_GPIO_WritePin
 222              	.LVL25:
 223 0064 F6E7     		b	.L6
 224              	.LVL26:
 225              	.L20:
  83:Drivers/sx126x/system/gpio.c ****     }
 226              		.loc 1 83 9 is_stmt 1 view .LVU45
 227 0066 D2B2     		uxtb	r2, r2
 228              	.LVL27:
  83:Drivers/sx126x/system/gpio.c ****     }
 229              		.loc 1 83 9 is_stmt 0 view .LVU46
 230 0068 8021     		movs	r1, #128
ARM GAS  C:\Users\andywei\AppData\Local\Temp\cck2e9YR.s 			page 7


 231 006a 4FF09040 		mov	r0, #1207959552
 232              	.LVL28:
  83:Drivers/sx126x/system/gpio.c ****     }
 233              		.loc 1 83 9 view .LVU47
 234 006e FFF7FEFF 		bl	HAL_GPIO_WritePin
 235              	.LVL29:
 236 0072 EFE7     		b	.L6
 237              	.LVL30:
 238              	.L21:
  87:Drivers/sx126x/system/gpio.c ****     }
 239              		.loc 1 87 9 is_stmt 1 view .LVU48
 240 0074 D2B2     		uxtb	r2, r2
 241              	.LVL31:
  87:Drivers/sx126x/system/gpio.c ****     }
 242              		.loc 1 87 9 is_stmt 0 view .LVU49
 243 0076 4021     		movs	r1, #64
 244 0078 4FF09040 		mov	r0, #1207959552
 245              	.LVL32:
  87:Drivers/sx126x/system/gpio.c ****     }
 246              		.loc 1 87 9 view .LVU50
 247 007c FFF7FEFF 		bl	HAL_GPIO_WritePin
 248              	.LVL33:
 249 0080 E8E7     		b	.L6
 250              	.LVL34:
 251              	.L22:
  91:Drivers/sx126x/system/gpio.c ****     }
 252              		.loc 1 91 9 is_stmt 1 view .LVU51
 253 0082 D2B2     		uxtb	r2, r2
 254              	.LVL35:
  91:Drivers/sx126x/system/gpio.c ****     }
 255              		.loc 1 91 9 is_stmt 0 view .LVU52
 256 0084 2021     		movs	r1, #32
 257 0086 4FF09040 		mov	r0, #1207959552
 258              	.LVL36:
  91:Drivers/sx126x/system/gpio.c ****     }
 259              		.loc 1 91 9 view .LVU53
 260 008a FFF7FEFF 		bl	HAL_GPIO_WritePin
 261              	.LVL37:
 262 008e E1E7     		b	.L6
 263              	.L24:
 264              		.align	2
 265              	.L23:
 266 0090 00000000 		.word	.LC0
 267 0094 14000000 		.word	.LC1
 268 0098 00080048 		.word	1207961600
 269              		.cfi_endproc
 270              	.LFE139:
 272              		.section	.rodata.GpioInit.str1.4,"aMS",%progbits,1
 273              		.align	2
 274              	.LC2:
 275 0000 50696E4E 		.ascii	"PinName is %d,PinModes is %d\012\000"
 275      616D6520 
 275      69732025 
 275      642C5069 
 275      6E4D6F64 
 276              		.section	.text.GpioInit,"ax",%progbits
 277              		.align	1
ARM GAS  C:\Users\andywei\AppData\Local\Temp\cck2e9YR.s 			page 8


 278              		.global	GpioInit
 279              		.syntax unified
 280              		.thumb
 281              		.thumb_func
 282              		.fpu fpv4-sp-d16
 284              	GpioInit:
 285              	.LVL38:
 286              	.LFB135:
  33:Drivers/sx126x/system/gpio.c ****     // GpioMcuInit( obj, pin, mode, config, type, value );
 287              		.loc 1 33 1 is_stmt 1 view -0
 288              		.cfi_startproc
 289              		@ args = 8, pretend = 0, frame = 0
 290              		@ frame_needed = 0, uses_anonymous_args = 0
  33:Drivers/sx126x/system/gpio.c ****     // GpioMcuInit( obj, pin, mode, config, type, value );
 291              		.loc 1 33 1 is_stmt 0 view .LVU55
 292 0000 08B5     		push	{r3, lr}
 293              	.LCFI3:
 294              		.cfi_def_cfa_offset 8
 295              		.cfi_offset 3, -8
 296              		.cfi_offset 14, -4
  35:Drivers/sx126x/system/gpio.c ****     if(mode==PIN_OUTPUT)
 297              		.loc 1 35 5 is_stmt 1 view .LVU56
  35:Drivers/sx126x/system/gpio.c ****     if(mode==PIN_OUTPUT)
 298              		.loc 1 35 13 is_stmt 0 view .LVU57
 299 0002 0170     		strb	r1, [r0]
  36:Drivers/sx126x/system/gpio.c ****     {
 300              		.loc 1 36 5 is_stmt 1 view .LVU58
  36:Drivers/sx126x/system/gpio.c ****     {
 301              		.loc 1 36 7 is_stmt 0 view .LVU59
 302 0004 012A     		cmp	r2, #1
 303 0006 03D0     		beq	.L29
  42:Drivers/sx126x/system/gpio.c ****     }
 304              		.loc 1 42 9 is_stmt 1 view .LVU60
 305 0008 0348     		ldr	r0, .L30
 306              	.LVL39:
  42:Drivers/sx126x/system/gpio.c ****     }
 307              		.loc 1 42 9 is_stmt 0 view .LVU61
 308 000a FFF7FEFF 		bl	printf
 309              	.LVL40:
 310              	.L25:
  45:Drivers/sx126x/system/gpio.c **** 
 311              		.loc 1 45 1 view .LVU62
 312 000e 08BD     		pop	{r3, pc}
 313              	.LVL41:
 314              	.L29:
  38:Drivers/sx126x/system/gpio.c ****     }
 315              		.loc 1 38 9 is_stmt 1 view .LVU63
 316 0010 0399     		ldr	r1, [sp, #12]
 317              	.LVL42:
  38:Drivers/sx126x/system/gpio.c ****     }
 318              		.loc 1 38 9 is_stmt 0 view .LVU64
 319 0012 FFF7FEFF 		bl	GpioWrite
 320              	.LVL43:
  38:Drivers/sx126x/system/gpio.c ****     }
 321              		.loc 1 38 9 view .LVU65
 322 0016 FAE7     		b	.L25
 323              	.L31:
ARM GAS  C:\Users\andywei\AppData\Local\Temp\cck2e9YR.s 			page 9


 324              		.align	2
 325              	.L30:
 326 0018 00000000 		.word	.LC2
 327              		.cfi_endproc
 328              	.LFE135:
 330              		.section	.rodata.GpioToggle.str1.4,"aMS",%progbits,1
 331              		.align	2
 332              	.LC3:
 333 0000 6770696F 		.ascii	"gpio toggle\000"
 333      20746F67 
 333      676C6500 
 334              		.section	.text.GpioToggle,"ax",%progbits
 335              		.align	1
 336              		.global	GpioToggle
 337              		.syntax unified
 338              		.thumb
 339              		.thumb_func
 340              		.fpu fpv4-sp-d16
 342              	GpioToggle:
 343              	.LVL44:
 344              	.LFB140:
 100:Drivers/sx126x/system/gpio.c **** 
 101:Drivers/sx126x/system/gpio.c **** void GpioToggle( Gpio_t *obj )
 102:Drivers/sx126x/system/gpio.c **** {
 345              		.loc 1 102 1 is_stmt 1 view -0
 346              		.cfi_startproc
 347              		@ args = 0, pretend = 0, frame = 0
 348              		@ frame_needed = 0, uses_anonymous_args = 0
 349              		.loc 1 102 1 is_stmt 0 view .LVU67
 350 0000 08B5     		push	{r3, lr}
 351              	.LCFI4:
 352              		.cfi_def_cfa_offset 8
 353              		.cfi_offset 3, -8
 354              		.cfi_offset 14, -4
 103:Drivers/sx126x/system/gpio.c ****     // GpioMcuToggle( obj );
 104:Drivers/sx126x/system/gpio.c ****     if(obj->pin==LED_1)
 355              		.loc 1 104 5 is_stmt 1 view .LVU68
 356              		.loc 1 104 11 is_stmt 0 view .LVU69
 357 0002 90F90010 		ldrsb	r1, [r0]
 358              		.loc 1 104 7 view .LVU70
 359 0006 2129     		cmp	r1, #33
 360 0008 08D0     		beq	.L37
 105:Drivers/sx126x/system/gpio.c ****     {
 106:Drivers/sx126x/system/gpio.c ****         HAL_GPIO_TogglePin(GPIOC, GPIO_PIN_1 );
 107:Drivers/sx126x/system/gpio.c ****     }
 108:Drivers/sx126x/system/gpio.c ****     else if(obj->pin==LED_2)
 361              		.loc 1 108 10 is_stmt 1 view .LVU71
 362              		.loc 1 108 12 is_stmt 0 view .LVU72
 363 000a 2029     		cmp	r1, #32
 364 000c 0BD0     		beq	.L38
 109:Drivers/sx126x/system/gpio.c ****     {
 110:Drivers/sx126x/system/gpio.c ****         HAL_GPIO_TogglePin(GPIOC, GPIO_PIN_0 );
 111:Drivers/sx126x/system/gpio.c ****     }
 112:Drivers/sx126x/system/gpio.c ****     // else if(obj->pin==RADIO_RESET) // reset
 113:Drivers/sx126x/system/gpio.c ****     // {
 114:Drivers/sx126x/system/gpio.c ****     //     HAL_GPIO_WritePin(GPIOA, GPIO_PIN_0 , ( GPIO_PinState )value );
 115:Drivers/sx126x/system/gpio.c ****     // }
ARM GAS  C:\Users\andywei\AppData\Local\Temp\cck2e9YR.s 			page 10


 116:Drivers/sx126x/system/gpio.c ****     // else if(obj->pin==RADIO_NSS)// spi_nss
 117:Drivers/sx126x/system/gpio.c ****     // {
 118:Drivers/sx126x/system/gpio.c ****     //     HAL_GPIO_WritePin(GPIOA, GPIO_PIN_8 , ( GPIO_PinState )value );
 119:Drivers/sx126x/system/gpio.c ****     // }
 120:Drivers/sx126x/system/gpio.c ****     // else if(obj->pin==LED_2)
 121:Drivers/sx126x/system/gpio.c ****     // {
 122:Drivers/sx126x/system/gpio.c ****     //     HAL_GPIO_WritePin(GPIOC, GPIO_PIN_0 , ( GPIO_PinState )value );
 123:Drivers/sx126x/system/gpio.c ****     // }
 124:Drivers/sx126x/system/gpio.c ****     // else if(obj->pin==LED_2)
 125:Drivers/sx126x/system/gpio.c ****     // {
 126:Drivers/sx126x/system/gpio.c ****     //     HAL_GPIO_WritePin(GPIOC, GPIO_PIN_0 , ( GPIO_PinState )value );
 127:Drivers/sx126x/system/gpio.c ****     // }
 128:Drivers/sx126x/system/gpio.c ****     else
 129:Drivers/sx126x/system/gpio.c ****     {
 130:Drivers/sx126x/system/gpio.c ****         printf("the pinname is %d\n",obj->pin);
 365              		.loc 1 130 9 is_stmt 1 view .LVU73
 366 000e 0848     		ldr	r0, .L39
 367              	.LVL45:
 368              		.loc 1 130 9 is_stmt 0 view .LVU74
 369 0010 FFF7FEFF 		bl	printf
 370              	.LVL46:
 131:Drivers/sx126x/system/gpio.c ****         printf("gpio toggle\n");
 371              		.loc 1 131 9 is_stmt 1 view .LVU75
 372 0014 0748     		ldr	r0, .L39+4
 373 0016 FFF7FEFF 		bl	puts
 374              	.LVL47:
 132:Drivers/sx126x/system/gpio.c ****         ;
 375              		.loc 1 132 9 view .LVU76
 376              	.L32:
 133:Drivers/sx126x/system/gpio.c ****     }
 134:Drivers/sx126x/system/gpio.c **** }
 377              		.loc 1 134 1 is_stmt 0 view .LVU77
 378 001a 08BD     		pop	{r3, pc}
 379              	.LVL48:
 380              	.L37:
 106:Drivers/sx126x/system/gpio.c ****     }
 381              		.loc 1 106 9 is_stmt 1 view .LVU78
 382 001c 0221     		movs	r1, #2
 383 001e 0648     		ldr	r0, .L39+8
 384              	.LVL49:
 106:Drivers/sx126x/system/gpio.c ****     }
 385              		.loc 1 106 9 is_stmt 0 view .LVU79
 386 0020 FFF7FEFF 		bl	HAL_GPIO_TogglePin
 387              	.LVL50:
 388 0024 F9E7     		b	.L32
 389              	.LVL51:
 390              	.L38:
 110:Drivers/sx126x/system/gpio.c ****     }
 391              		.loc 1 110 9 is_stmt 1 view .LVU80
 392 0026 0121     		movs	r1, #1
 393 0028 0348     		ldr	r0, .L39+8
 394              	.LVL52:
 110:Drivers/sx126x/system/gpio.c ****     }
 395              		.loc 1 110 9 is_stmt 0 view .LVU81
 396 002a FFF7FEFF 		bl	HAL_GPIO_TogglePin
 397              	.LVL53:
 398 002e F4E7     		b	.L32
ARM GAS  C:\Users\andywei\AppData\Local\Temp\cck2e9YR.s 			page 11


 399              	.L40:
 400              		.align	2
 401              	.L39:
 402 0030 00000000 		.word	.LC0
 403 0034 00000000 		.word	.LC3
 404 0038 00080048 		.word	1207961600
 405              		.cfi_endproc
 406              	.LFE140:
 408              		.section	.rodata.GpioRead.str1.4,"aMS",%progbits,1
 409              		.align	2
 410              	.LC4:
 411 0000 6770696F 		.ascii	"gpio read\000"
 411      20726561 
 411      6400
 412              		.section	.text.GpioRead,"ax",%progbits
 413              		.align	1
 414              		.global	GpioRead
 415              		.syntax unified
 416              		.thumb
 417              		.thumb_func
 418              		.fpu fpv4-sp-d16
 420              	GpioRead:
 421              	.LVL54:
 422              	.LFB141:
 135:Drivers/sx126x/system/gpio.c **** 
 136:Drivers/sx126x/system/gpio.c **** uint32_t GpioRead( Gpio_t *obj )
 137:Drivers/sx126x/system/gpio.c **** {
 423              		.loc 1 137 1 is_stmt 1 view -0
 424              		.cfi_startproc
 425              		@ args = 0, pretend = 0, frame = 0
 426              		@ frame_needed = 0, uses_anonymous_args = 0
 427              		.loc 1 137 1 is_stmt 0 view .LVU83
 428 0000 08B5     		push	{r3, lr}
 429              	.LCFI5:
 430              		.cfi_def_cfa_offset 8
 431              		.cfi_offset 3, -8
 432              		.cfi_offset 14, -4
 138:Drivers/sx126x/system/gpio.c ****     // return GpioMcuRead( obj );
 139:Drivers/sx126x/system/gpio.c ****     if(obj->pin==RADIO_BUSY) //busy
 433              		.loc 1 139 5 is_stmt 1 view .LVU84
 434              		.loc 1 139 11 is_stmt 0 view .LVU85
 435 0002 90F90010 		ldrsb	r1, [r0]
 436              		.loc 1 139 7 view .LVU86
 437 0006 1329     		cmp	r1, #19
 438 0008 07D0     		beq	.L45
 140:Drivers/sx126x/system/gpio.c ****     {
 141:Drivers/sx126x/system/gpio.c ****         // printf("read busy line\n");
 142:Drivers/sx126x/system/gpio.c ****         // return 0x00;
 143:Drivers/sx126x/system/gpio.c ****         return HAL_GPIO_ReadPin(GPIOB, GPIO_PIN_3);
 144:Drivers/sx126x/system/gpio.c ****     }
 145:Drivers/sx126x/system/gpio.c ****     // else if(obj->pin==LED_2)
 146:Drivers/sx126x/system/gpio.c ****     // {
 147:Drivers/sx126x/system/gpio.c ****     //     HAL_GPIO_WritePin(GPIOC, GPIO_PIN_0 , ( GPIO_PinState )value );
 148:Drivers/sx126x/system/gpio.c ****     // }
 149:Drivers/sx126x/system/gpio.c ****     // else if(obj->pin==RADIO_RESET) // reset
 150:Drivers/sx126x/system/gpio.c ****     // {
 151:Drivers/sx126x/system/gpio.c ****     //     HAL_GPIO_WritePin(GPIOA, GPIO_PIN_0 , ( GPIO_PinState )value );
ARM GAS  C:\Users\andywei\AppData\Local\Temp\cck2e9YR.s 			page 12


 152:Drivers/sx126x/system/gpio.c ****     // }
 153:Drivers/sx126x/system/gpio.c ****     // else if(obj->pin==RADIO_NSS)// spi_nss
 154:Drivers/sx126x/system/gpio.c ****     // {
 155:Drivers/sx126x/system/gpio.c ****     //     HAL_GPIO_WritePin(GPIOA, GPIO_PIN_8 , ( GPIO_PinState )value );
 156:Drivers/sx126x/system/gpio.c ****     // }
 157:Drivers/sx126x/system/gpio.c ****     else
 158:Drivers/sx126x/system/gpio.c ****     {
 159:Drivers/sx126x/system/gpio.c ****         printf("the pinname is %d\n",obj->pin);
 439              		.loc 1 159 9 is_stmt 1 view .LVU87
 440 000a 0648     		ldr	r0, .L46
 441              	.LVL55:
 442              		.loc 1 159 9 is_stmt 0 view .LVU88
 443 000c FFF7FEFF 		bl	printf
 444              	.LVL56:
 160:Drivers/sx126x/system/gpio.c ****         printf("gpio read\n");
 445              		.loc 1 160 9 is_stmt 1 view .LVU89
 446 0010 0548     		ldr	r0, .L46+4
 447 0012 FFF7FEFF 		bl	puts
 448              	.LVL57:
 161:Drivers/sx126x/system/gpio.c ****         return 0x00;
 449              		.loc 1 161 9 view .LVU90
 450              		.loc 1 161 16 is_stmt 0 view .LVU91
 451 0016 0020     		movs	r0, #0
 452              	.L41:
 162:Drivers/sx126x/system/gpio.c ****     }
 163:Drivers/sx126x/system/gpio.c **** }
 453              		.loc 1 163 1 view .LVU92
 454 0018 08BD     		pop	{r3, pc}
 455              	.LVL58:
 456              	.L45:
 143:Drivers/sx126x/system/gpio.c ****     }
 457              		.loc 1 143 9 is_stmt 1 view .LVU93
 143:Drivers/sx126x/system/gpio.c ****     }
 458              		.loc 1 143 16 is_stmt 0 view .LVU94
 459 001a 0821     		movs	r1, #8
 460 001c 0348     		ldr	r0, .L46+8
 461              	.LVL59:
 143:Drivers/sx126x/system/gpio.c ****     }
 462              		.loc 1 143 16 view .LVU95
 463 001e FFF7FEFF 		bl	HAL_GPIO_ReadPin
 464              	.LVL60:
 465 0022 F9E7     		b	.L41
 466              	.L47:
 467              		.align	2
 468              	.L46:
 469 0024 00000000 		.word	.LC0
 470 0028 00000000 		.word	.LC4
 471 002c 00040048 		.word	1207960576
 472              		.cfi_endproc
 473              	.LFE141:
 475              		.text
 476              	.Letext0:
 477              		.file 2 "c:\\gnu arm embedded toolchain\\10 2020-q4-major\\arm-none-eabi\\include\\machine\\_defau
 478              		.file 3 "c:\\gnu arm embedded toolchain\\10 2020-q4-major\\arm-none-eabi\\include\\sys\\_stdint.h"
 479              		.file 4 "Drivers/sx126x/system/gpio.h"
 480              		.file 5 "Drivers/CMSIS/Device/ST/STM32L4xx/Include/stm32l476xx.h"
 481              		.file 6 "Drivers/STM32L4xx_HAL_Driver/Inc/stm32l4xx_hal_gpio.h"
ARM GAS  C:\Users\andywei\AppData\Local\Temp\cck2e9YR.s 			page 13


 482              		.file 7 "c:\\gnu arm embedded toolchain\\10 2020-q4-major\\arm-none-eabi\\include\\stdio.h"
 483              		.file 8 "Drivers/sx126x/boards/gpio-board.h"
 484              		.file 9 "<built-in>"
ARM GAS  C:\Users\andywei\AppData\Local\Temp\cck2e9YR.s 			page 14


DEFINED SYMBOLS
                            *ABS*:00000000 gpio.c
C:\Users\andywei\AppData\Local\Temp\cck2e9YR.s:18     .text.GpioSetContext:00000000 $t
C:\Users\andywei\AppData\Local\Temp\cck2e9YR.s:26     .text.GpioSetContext:00000000 GpioSetContext
C:\Users\andywei\AppData\Local\Temp\cck2e9YR.s:49     .text.GpioSetInterrupt:00000000 $t
C:\Users\andywei\AppData\Local\Temp\cck2e9YR.s:56     .text.GpioSetInterrupt:00000000 GpioSetInterrupt
C:\Users\andywei\AppData\Local\Temp\cck2e9YR.s:70     .text.GpioRemoveInterrupt:00000000 $t
C:\Users\andywei\AppData\Local\Temp\cck2e9YR.s:77     .text.GpioRemoveInterrupt:00000000 GpioRemoveInterrupt
C:\Users\andywei\AppData\Local\Temp\cck2e9YR.s:99     .rodata.GpioWrite.str1.4:00000000 $d
C:\Users\andywei\AppData\Local\Temp\cck2e9YR.s:106    .text.GpioWrite:00000000 $t
C:\Users\andywei\AppData\Local\Temp\cck2e9YR.s:113    .text.GpioWrite:00000000 GpioWrite
C:\Users\andywei\AppData\Local\Temp\cck2e9YR.s:266    .text.GpioWrite:00000090 $d
C:\Users\andywei\AppData\Local\Temp\cck2e9YR.s:273    .rodata.GpioInit.str1.4:00000000 $d
C:\Users\andywei\AppData\Local\Temp\cck2e9YR.s:277    .text.GpioInit:00000000 $t
C:\Users\andywei\AppData\Local\Temp\cck2e9YR.s:284    .text.GpioInit:00000000 GpioInit
C:\Users\andywei\AppData\Local\Temp\cck2e9YR.s:326    .text.GpioInit:00000018 $d
C:\Users\andywei\AppData\Local\Temp\cck2e9YR.s:331    .rodata.GpioToggle.str1.4:00000000 $d
C:\Users\andywei\AppData\Local\Temp\cck2e9YR.s:335    .text.GpioToggle:00000000 $t
C:\Users\andywei\AppData\Local\Temp\cck2e9YR.s:342    .text.GpioToggle:00000000 GpioToggle
C:\Users\andywei\AppData\Local\Temp\cck2e9YR.s:402    .text.GpioToggle:00000030 $d
C:\Users\andywei\AppData\Local\Temp\cck2e9YR.s:409    .rodata.GpioRead.str1.4:00000000 $d
C:\Users\andywei\AppData\Local\Temp\cck2e9YR.s:413    .text.GpioRead:00000000 $t
C:\Users\andywei\AppData\Local\Temp\cck2e9YR.s:420    .text.GpioRead:00000000 GpioRead
C:\Users\andywei\AppData\Local\Temp\cck2e9YR.s:469    .text.GpioRead:00000024 $d

UNDEFINED SYMBOLS
GpioMcuSetContext
GpioMcuRemoveInterrupt
printf
puts
HAL_GPIO_WritePin
HAL_GPIO_TogglePin
HAL_GPIO_ReadPin
