ARM GAS  C:\Users\andywei\AppData\Local\Temp\cc1kzFJh.s 			page 1


   1              		.cpu cortex-m4
   2              		.eabi_attribute 27, 1
   3              		.eabi_attribute 28, 1
   4              		.eabi_attribute 20, 1
   5              		.eabi_attribute 21, 1
   6              		.eabi_attribute 23, 3
   7              		.eabi_attribute 24, 1
   8              		.eabi_attribute 25, 1
   9              		.eabi_attribute 26, 1
  10              		.eabi_attribute 30, 1
  11              		.eabi_attribute 34, 1
  12              		.eabi_attribute 18, 4
  13              		.file	"main.c"
  14              		.text
  15              	.Ltext0:
  16              		.cfi_sections	.debug_frame
  17              		.section	.text.MX_GPIO_Init,"ax",%progbits
  18              		.align	1
  19              		.arch armv7e-m
  20              		.syntax unified
  21              		.thumb
  22              		.thumb_func
  23              		.fpu fpv4-sp-d16
  25              	MX_GPIO_Init:
  26              	.LFB142:
  27              		.file 1 "Core/Src/main.c"
   1:Core/Src/main.c **** /* USER CODE BEGIN Header */
   2:Core/Src/main.c **** /**
   3:Core/Src/main.c ****   ******************************************************************************
   4:Core/Src/main.c ****   * @file           : main.c
   5:Core/Src/main.c ****   * @brief          : Main program body
   6:Core/Src/main.c ****   ******************************************************************************
   7:Core/Src/main.c ****   * @attention
   8:Core/Src/main.c ****   *
   9:Core/Src/main.c ****   * <h2><center>&copy; Copyright (c) 2021 STMicroelectronics.
  10:Core/Src/main.c ****   * All rights reserved.</center></h2>
  11:Core/Src/main.c ****   *
  12:Core/Src/main.c ****   * This software component is licensed by ST under BSD 3-Clause license,
  13:Core/Src/main.c ****   * the "License"; You may not use this file except in compliance with the
  14:Core/Src/main.c ****   * License. You may obtain a copy of the License at:
  15:Core/Src/main.c ****   *                        opensource.org/licenses/BSD-3-Clause
  16:Core/Src/main.c ****   *
  17:Core/Src/main.c ****   ******************************************************************************
  18:Core/Src/main.c ****   */
  19:Core/Src/main.c **** /* USER CODE END Header */
  20:Core/Src/main.c **** /* Includes ------------------------------------------------------------------*/
  21:Core/Src/main.c **** #include "main.h"
  22:Core/Src/main.c **** 
  23:Core/Src/main.c **** /* Private includes ----------------------------------------------------------*/
  24:Core/Src/main.c **** /* USER CODE BEGIN Includes */
  25:Core/Src/main.c **** #include <stdio.h>
  26:Core/Src/main.c **** #include <string.h>
  27:Core/Src/main.c **** #include "sx126x_driver.h"
  28:Core/Src/main.c **** /* USER CODE END Includes */
  29:Core/Src/main.c **** 
  30:Core/Src/main.c **** /* Private typedef -----------------------------------------------------------*/
  31:Core/Src/main.c **** /* USER CODE BEGIN PTD */
ARM GAS  C:\Users\andywei\AppData\Local\Temp\cc1kzFJh.s 			page 2


  32:Core/Src/main.c **** 
  33:Core/Src/main.c **** /* USER CODE END PTD */
  34:Core/Src/main.c **** 
  35:Core/Src/main.c **** /* Private define ------------------------------------------------------------*/
  36:Core/Src/main.c **** /* USER CODE BEGIN PD */
  37:Core/Src/main.c **** /* USER CODE END PD */
  38:Core/Src/main.c **** 
  39:Core/Src/main.c **** /* Private macro -------------------------------------------------------------*/
  40:Core/Src/main.c **** /* USER CODE BEGIN PM */
  41:Core/Src/main.c **** 
  42:Core/Src/main.c **** /* USER CODE END PM */
  43:Core/Src/main.c **** 
  44:Core/Src/main.c **** /* Private variables ---------------------------------------------------------*/
  45:Core/Src/main.c **** RTC_HandleTypeDef hrtc;
  46:Core/Src/main.c **** 
  47:Core/Src/main.c **** SPI_HandleTypeDef hspi1;
  48:Core/Src/main.c **** 
  49:Core/Src/main.c **** UART_HandleTypeDef huart2;
  50:Core/Src/main.c **** 
  51:Core/Src/main.c **** /* USER CODE BEGIN PV */
  52:Core/Src/main.c **** 
  53:Core/Src/main.c **** /* USER CODE END PV */
  54:Core/Src/main.c **** 
  55:Core/Src/main.c **** /* Private function prototypes -----------------------------------------------*/
  56:Core/Src/main.c **** void SystemClock_Config(void);
  57:Core/Src/main.c **** static void MX_GPIO_Init(void);
  58:Core/Src/main.c **** static void MX_SPI1_Init(void);
  59:Core/Src/main.c **** static void MX_USART2_UART_Init(void);
  60:Core/Src/main.c **** static void MX_RTC_Init(void);
  61:Core/Src/main.c **** /* USER CODE BEGIN PFP */
  62:Core/Src/main.c **** 
  63:Core/Src/main.c **** /* USER CODE END PFP */
  64:Core/Src/main.c **** 
  65:Core/Src/main.c **** /* Private user code ---------------------------------------------------------*/
  66:Core/Src/main.c **** /* USER CODE BEGIN 0 */
  67:Core/Src/main.c **** int SER_PutChar(int c)
  68:Core/Src/main.c **** {
  69:Core/Src/main.c ****   unsigned char xx;
  70:Core/Src/main.c ****   xx=c&0xff;
  71:Core/Src/main.c ****   HAL_UART_Transmit(&huart2, &xx, 1, 1000);
  72:Core/Src/main.c ****   return (c);
  73:Core/Src/main.c **** }
  74:Core/Src/main.c **** int _write(int fd, char *ptr, int len)
  75:Core/Src/main.c **** {
  76:Core/Src/main.c ****   int i;
  77:Core/Src/main.c **** 
  78:Core/Src/main.c ****   for (i = 0; i < len; i++)
  79:Core/Src/main.c ****     SER_PutChar(*ptr++);
  80:Core/Src/main.c ****   return (i);
  81:Core/Src/main.c **** }
  82:Core/Src/main.c **** /* USER CODE END 0 */
  83:Core/Src/main.c **** 
  84:Core/Src/main.c **** /**
  85:Core/Src/main.c ****   * @brief  The application entry point.
  86:Core/Src/main.c ****   * @retval int
  87:Core/Src/main.c ****   */
  88:Core/Src/main.c **** int main(void)
ARM GAS  C:\Users\andywei\AppData\Local\Temp\cc1kzFJh.s 			page 3


  89:Core/Src/main.c **** {
  90:Core/Src/main.c ****   /* USER CODE BEGIN 1 */
  91:Core/Src/main.c **** 
  92:Core/Src/main.c ****   /* USER CODE END 1 */
  93:Core/Src/main.c **** 
  94:Core/Src/main.c ****   /* MCU Configuration--------------------------------------------------------*/
  95:Core/Src/main.c **** 
  96:Core/Src/main.c ****   /* Reset of all peripherals, Initializes the Flash interface and the Systick. */
  97:Core/Src/main.c ****   HAL_Init();
  98:Core/Src/main.c **** 
  99:Core/Src/main.c ****   /* USER CODE BEGIN Init */
 100:Core/Src/main.c **** 
 101:Core/Src/main.c ****   /* USER CODE END Init */
 102:Core/Src/main.c **** 
 103:Core/Src/main.c ****   /* Configure the system clock */
 104:Core/Src/main.c ****   SystemClock_Config();
 105:Core/Src/main.c **** 
 106:Core/Src/main.c ****   /* USER CODE BEGIN SysInit */
 107:Core/Src/main.c **** 
 108:Core/Src/main.c ****   /* USER CODE END SysInit */
 109:Core/Src/main.c **** 
 110:Core/Src/main.c ****   /* Initialize all configured peripherals */
 111:Core/Src/main.c ****   MX_GPIO_Init();
 112:Core/Src/main.c ****   MX_SPI1_Init();
 113:Core/Src/main.c ****   MX_USART2_UART_Init();
 114:Core/Src/main.c ****   MX_RTC_Init();
 115:Core/Src/main.c ****   /* USER CODE BEGIN 2 */
 116:Core/Src/main.c ****   sx126x_init();
 117:Core/Src/main.c ****   // sx126x_tx_cw();
 118:Core/Src/main.c ****   /* USER CODE END 2 */
 119:Core/Src/main.c **** 
 120:Core/Src/main.c ****   /* Infinite loop */
 121:Core/Src/main.c ****   /* USER CODE BEGIN WHILE */
 122:Core/Src/main.c ****   while (1)
 123:Core/Src/main.c ****   {
 124:Core/Src/main.c ****     printf("the is gcc application\n");
 125:Core/Src/main.c ****     HAL_Delay(200);
 126:Core/Src/main.c ****     sx126x_test();
 127:Core/Src/main.c ****     /* USER CODE END WHILE */
 128:Core/Src/main.c **** 
 129:Core/Src/main.c ****     /* USER CODE BEGIN 3 */
 130:Core/Src/main.c ****   }
 131:Core/Src/main.c ****   /* USER CODE END 3 */
 132:Core/Src/main.c **** }
 133:Core/Src/main.c **** 
 134:Core/Src/main.c **** /**
 135:Core/Src/main.c ****   * @brief System Clock Configuration
 136:Core/Src/main.c ****   * @retval None
 137:Core/Src/main.c ****   */
 138:Core/Src/main.c **** void SystemClock_Config(void)
 139:Core/Src/main.c **** {
 140:Core/Src/main.c ****   RCC_OscInitTypeDef RCC_OscInitStruct = {0};
 141:Core/Src/main.c ****   RCC_ClkInitTypeDef RCC_ClkInitStruct = {0};
 142:Core/Src/main.c ****   RCC_PeriphCLKInitTypeDef PeriphClkInit = {0};
 143:Core/Src/main.c **** 
 144:Core/Src/main.c ****   /** Initializes the RCC Oscillators according to the specified parameters
 145:Core/Src/main.c ****   * in the RCC_OscInitTypeDef structure.
ARM GAS  C:\Users\andywei\AppData\Local\Temp\cc1kzFJh.s 			page 4


 146:Core/Src/main.c ****   */
 147:Core/Src/main.c ****   RCC_OscInitStruct.OscillatorType = RCC_OSCILLATORTYPE_HSI|RCC_OSCILLATORTYPE_LSI;
 148:Core/Src/main.c ****   RCC_OscInitStruct.HSIState = RCC_HSI_ON;
 149:Core/Src/main.c ****   RCC_OscInitStruct.HSICalibrationValue = RCC_HSICALIBRATION_DEFAULT;
 150:Core/Src/main.c ****   RCC_OscInitStruct.LSIState = RCC_LSI_ON;
 151:Core/Src/main.c ****   RCC_OscInitStruct.PLL.PLLState = RCC_PLL_ON;
 152:Core/Src/main.c ****   RCC_OscInitStruct.PLL.PLLSource = RCC_PLLSOURCE_HSI;
 153:Core/Src/main.c ****   RCC_OscInitStruct.PLL.PLLM = 1;
 154:Core/Src/main.c ****   RCC_OscInitStruct.PLL.PLLN = 10;
 155:Core/Src/main.c ****   RCC_OscInitStruct.PLL.PLLP = RCC_PLLP_DIV7;
 156:Core/Src/main.c ****   RCC_OscInitStruct.PLL.PLLQ = RCC_PLLQ_DIV2;
 157:Core/Src/main.c ****   RCC_OscInitStruct.PLL.PLLR = RCC_PLLR_DIV2;
 158:Core/Src/main.c ****   if (HAL_RCC_OscConfig(&RCC_OscInitStruct) != HAL_OK)
 159:Core/Src/main.c ****   {
 160:Core/Src/main.c ****     Error_Handler();
 161:Core/Src/main.c ****   }
 162:Core/Src/main.c ****   /** Initializes the CPU, AHB and APB buses clocks
 163:Core/Src/main.c ****   */
 164:Core/Src/main.c ****   RCC_ClkInitStruct.ClockType = RCC_CLOCKTYPE_HCLK|RCC_CLOCKTYPE_SYSCLK
 165:Core/Src/main.c ****                               |RCC_CLOCKTYPE_PCLK1|RCC_CLOCKTYPE_PCLK2;
 166:Core/Src/main.c ****   RCC_ClkInitStruct.SYSCLKSource = RCC_SYSCLKSOURCE_PLLCLK;
 167:Core/Src/main.c ****   RCC_ClkInitStruct.AHBCLKDivider = RCC_SYSCLK_DIV1;
 168:Core/Src/main.c ****   RCC_ClkInitStruct.APB1CLKDivider = RCC_HCLK_DIV1;
 169:Core/Src/main.c ****   RCC_ClkInitStruct.APB2CLKDivider = RCC_HCLK_DIV1;
 170:Core/Src/main.c **** 
 171:Core/Src/main.c ****   if (HAL_RCC_ClockConfig(&RCC_ClkInitStruct, FLASH_LATENCY_4) != HAL_OK)
 172:Core/Src/main.c ****   {
 173:Core/Src/main.c ****     Error_Handler();
 174:Core/Src/main.c ****   }
 175:Core/Src/main.c ****   PeriphClkInit.PeriphClockSelection = RCC_PERIPHCLK_RTC|RCC_PERIPHCLK_USART2;
 176:Core/Src/main.c ****   PeriphClkInit.Usart2ClockSelection = RCC_USART2CLKSOURCE_PCLK1;
 177:Core/Src/main.c ****   PeriphClkInit.RTCClockSelection = RCC_RTCCLKSOURCE_LSI;
 178:Core/Src/main.c ****   if (HAL_RCCEx_PeriphCLKConfig(&PeriphClkInit) != HAL_OK)
 179:Core/Src/main.c ****   {
 180:Core/Src/main.c ****     Error_Handler();
 181:Core/Src/main.c ****   }
 182:Core/Src/main.c ****   /** Configure the main internal regulator output voltage
 183:Core/Src/main.c ****   */
 184:Core/Src/main.c ****   if (HAL_PWREx_ControlVoltageScaling(PWR_REGULATOR_VOLTAGE_SCALE1) != HAL_OK)
 185:Core/Src/main.c ****   {
 186:Core/Src/main.c ****     Error_Handler();
 187:Core/Src/main.c ****   }
 188:Core/Src/main.c **** }
 189:Core/Src/main.c **** 
 190:Core/Src/main.c **** /**
 191:Core/Src/main.c ****   * @brief RTC Initialization Function
 192:Core/Src/main.c ****   * @param None
 193:Core/Src/main.c ****   * @retval None
 194:Core/Src/main.c ****   */
 195:Core/Src/main.c **** static void MX_RTC_Init(void)
 196:Core/Src/main.c **** {
 197:Core/Src/main.c **** 
 198:Core/Src/main.c ****   /* USER CODE BEGIN RTC_Init 0 */
 199:Core/Src/main.c **** 
 200:Core/Src/main.c ****   /* USER CODE END RTC_Init 0 */
 201:Core/Src/main.c **** 
 202:Core/Src/main.c ****   RTC_TimeTypeDef sTime = {0};
ARM GAS  C:\Users\andywei\AppData\Local\Temp\cc1kzFJh.s 			page 5


 203:Core/Src/main.c ****   RTC_DateTypeDef sDate = {0};
 204:Core/Src/main.c ****   RTC_AlarmTypeDef sAlarm = {0};
 205:Core/Src/main.c **** 
 206:Core/Src/main.c ****   /* USER CODE BEGIN RTC_Init 1 */
 207:Core/Src/main.c **** 
 208:Core/Src/main.c ****   /* USER CODE END RTC_Init 1 */
 209:Core/Src/main.c ****   /** Initialize RTC Only
 210:Core/Src/main.c ****   */
 211:Core/Src/main.c ****   hrtc.Instance = RTC;
 212:Core/Src/main.c ****   hrtc.Init.HourFormat = RTC_HOURFORMAT_24;
 213:Core/Src/main.c ****   hrtc.Init.AsynchPrediv = 31;
 214:Core/Src/main.c ****   hrtc.Init.SynchPrediv = 1023;
 215:Core/Src/main.c ****   hrtc.Init.OutPut = RTC_OUTPUT_DISABLE;
 216:Core/Src/main.c ****   hrtc.Init.OutPutRemap = RTC_OUTPUT_REMAP_NONE;
 217:Core/Src/main.c ****   hrtc.Init.OutPutPolarity = RTC_OUTPUT_POLARITY_HIGH;
 218:Core/Src/main.c ****   hrtc.Init.OutPutType = RTC_OUTPUT_TYPE_OPENDRAIN;
 219:Core/Src/main.c ****   if (HAL_RTC_Init(&hrtc) != HAL_OK)
 220:Core/Src/main.c ****   {
 221:Core/Src/main.c ****     Error_Handler();
 222:Core/Src/main.c ****   }
 223:Core/Src/main.c **** 
 224:Core/Src/main.c ****   /* USER CODE BEGIN Check_RTC_BKUP */
 225:Core/Src/main.c **** 
 226:Core/Src/main.c ****   /* USER CODE END Check_RTC_BKUP */
 227:Core/Src/main.c **** 
 228:Core/Src/main.c ****   /** Initialize RTC and set the Time and Date
 229:Core/Src/main.c ****   */
 230:Core/Src/main.c ****   sTime.Hours = 0;
 231:Core/Src/main.c ****   sTime.Minutes = 0;
 232:Core/Src/main.c ****   sTime.Seconds = 0;
 233:Core/Src/main.c ****   sTime.DayLightSaving = RTC_DAYLIGHTSAVING_NONE;
 234:Core/Src/main.c ****   sTime.StoreOperation = RTC_STOREOPERATION_RESET;
 235:Core/Src/main.c ****   if (HAL_RTC_SetTime(&hrtc, &sTime, RTC_FORMAT_BIN) != HAL_OK)
 236:Core/Src/main.c ****   {
 237:Core/Src/main.c ****     Error_Handler();
 238:Core/Src/main.c ****   }
 239:Core/Src/main.c ****   sDate.WeekDay = RTC_WEEKDAY_MONDAY;
 240:Core/Src/main.c ****   sDate.Month = RTC_MONTH_JANUARY;
 241:Core/Src/main.c ****   sDate.Date = 1;
 242:Core/Src/main.c ****   sDate.Year = 0;
 243:Core/Src/main.c **** 
 244:Core/Src/main.c ****   if (HAL_RTC_SetDate(&hrtc, &sDate, RTC_FORMAT_BIN) != HAL_OK)
 245:Core/Src/main.c ****   {
 246:Core/Src/main.c ****     Error_Handler();
 247:Core/Src/main.c ****   }
 248:Core/Src/main.c ****   /** Enable the Alarm A
 249:Core/Src/main.c ****   */
 250:Core/Src/main.c ****   sAlarm.AlarmTime.Hours = 0;
 251:Core/Src/main.c ****   sAlarm.AlarmTime.Minutes = 0;
 252:Core/Src/main.c ****   sAlarm.AlarmTime.Seconds = 0;
 253:Core/Src/main.c ****   sAlarm.AlarmTime.SubSeconds = 0;
 254:Core/Src/main.c ****   sAlarm.AlarmTime.DayLightSaving = RTC_DAYLIGHTSAVING_NONE;
 255:Core/Src/main.c ****   sAlarm.AlarmTime.StoreOperation = RTC_STOREOPERATION_RESET;
 256:Core/Src/main.c ****   sAlarm.AlarmMask = RTC_ALARMMASK_NONE;
 257:Core/Src/main.c ****   sAlarm.AlarmSubSecondMask = RTC_ALARMSUBSECONDMASK_ALL;
 258:Core/Src/main.c ****   sAlarm.AlarmDateWeekDaySel = RTC_ALARMDATEWEEKDAYSEL_DATE;
 259:Core/Src/main.c ****   sAlarm.AlarmDateWeekDay = 1;
ARM GAS  C:\Users\andywei\AppData\Local\Temp\cc1kzFJh.s 			page 6


 260:Core/Src/main.c ****   sAlarm.Alarm = RTC_ALARM_A;
 261:Core/Src/main.c ****   if (HAL_RTC_SetAlarm_IT(&hrtc, &sAlarm, RTC_FORMAT_BIN) != HAL_OK)
 262:Core/Src/main.c ****   {
 263:Core/Src/main.c ****     Error_Handler();
 264:Core/Src/main.c ****   }
 265:Core/Src/main.c ****   /* USER CODE BEGIN RTC_Init 2 */
 266:Core/Src/main.c **** 
 267:Core/Src/main.c ****   /* USER CODE END RTC_Init 2 */
 268:Core/Src/main.c **** 
 269:Core/Src/main.c **** }
 270:Core/Src/main.c **** 
 271:Core/Src/main.c **** /**
 272:Core/Src/main.c ****   * @brief SPI1 Initialization Function
 273:Core/Src/main.c ****   * @param None
 274:Core/Src/main.c ****   * @retval None
 275:Core/Src/main.c ****   */
 276:Core/Src/main.c **** static void MX_SPI1_Init(void)
 277:Core/Src/main.c **** {
 278:Core/Src/main.c **** 
 279:Core/Src/main.c ****   /* USER CODE BEGIN SPI1_Init 0 */
 280:Core/Src/main.c **** 
 281:Core/Src/main.c ****   /* USER CODE END SPI1_Init 0 */
 282:Core/Src/main.c **** 
 283:Core/Src/main.c ****   /* USER CODE BEGIN SPI1_Init 1 */
 284:Core/Src/main.c **** 
 285:Core/Src/main.c ****   /* USER CODE END SPI1_Init 1 */
 286:Core/Src/main.c ****   /* SPI1 parameter configuration*/
 287:Core/Src/main.c ****   hspi1.Instance = SPI1;
 288:Core/Src/main.c ****   hspi1.Init.Mode = SPI_MODE_MASTER;
 289:Core/Src/main.c ****   hspi1.Init.Direction = SPI_DIRECTION_2LINES;
 290:Core/Src/main.c ****   hspi1.Init.DataSize = SPI_DATASIZE_8BIT;
 291:Core/Src/main.c ****   hspi1.Init.CLKPolarity = SPI_POLARITY_LOW;
 292:Core/Src/main.c ****   hspi1.Init.CLKPhase = SPI_PHASE_2EDGE;
 293:Core/Src/main.c ****   hspi1.Init.NSS = SPI_NSS_SOFT;
 294:Core/Src/main.c ****   hspi1.Init.BaudRatePrescaler = SPI_BAUDRATEPRESCALER_128;
 295:Core/Src/main.c ****   hspi1.Init.FirstBit = SPI_FIRSTBIT_MSB;
 296:Core/Src/main.c ****   hspi1.Init.TIMode = SPI_TIMODE_DISABLE;
 297:Core/Src/main.c ****   hspi1.Init.CRCCalculation = SPI_CRCCALCULATION_DISABLE;
 298:Core/Src/main.c ****   hspi1.Init.CRCPolynomial = 7;
 299:Core/Src/main.c ****   hspi1.Init.CRCLength = SPI_CRC_LENGTH_DATASIZE;
 300:Core/Src/main.c ****   hspi1.Init.NSSPMode = SPI_NSS_PULSE_DISABLE;
 301:Core/Src/main.c ****   if (HAL_SPI_Init(&hspi1) != HAL_OK)
 302:Core/Src/main.c ****   {
 303:Core/Src/main.c ****     Error_Handler();
 304:Core/Src/main.c ****   }
 305:Core/Src/main.c ****   /* USER CODE BEGIN SPI1_Init 2 */
 306:Core/Src/main.c **** 
 307:Core/Src/main.c ****   /* USER CODE END SPI1_Init 2 */
 308:Core/Src/main.c **** 
 309:Core/Src/main.c **** }
 310:Core/Src/main.c **** 
 311:Core/Src/main.c **** /**
 312:Core/Src/main.c ****   * @brief USART2 Initialization Function
 313:Core/Src/main.c ****   * @param None
 314:Core/Src/main.c ****   * @retval None
 315:Core/Src/main.c ****   */
 316:Core/Src/main.c **** static void MX_USART2_UART_Init(void)
ARM GAS  C:\Users\andywei\AppData\Local\Temp\cc1kzFJh.s 			page 7


 317:Core/Src/main.c **** {
 318:Core/Src/main.c **** 
 319:Core/Src/main.c ****   /* USER CODE BEGIN USART2_Init 0 */
 320:Core/Src/main.c **** 
 321:Core/Src/main.c ****   /* USER CODE END USART2_Init 0 */
 322:Core/Src/main.c **** 
 323:Core/Src/main.c ****   /* USER CODE BEGIN USART2_Init 1 */
 324:Core/Src/main.c **** 
 325:Core/Src/main.c ****   /* USER CODE END USART2_Init 1 */
 326:Core/Src/main.c ****   huart2.Instance = USART2;
 327:Core/Src/main.c ****   huart2.Init.BaudRate = 115200;
 328:Core/Src/main.c ****   huart2.Init.WordLength = UART_WORDLENGTH_8B;
 329:Core/Src/main.c ****   huart2.Init.StopBits = UART_STOPBITS_1;
 330:Core/Src/main.c ****   huart2.Init.Parity = UART_PARITY_NONE;
 331:Core/Src/main.c ****   huart2.Init.Mode = UART_MODE_TX_RX;
 332:Core/Src/main.c ****   huart2.Init.HwFlowCtl = UART_HWCONTROL_NONE;
 333:Core/Src/main.c ****   huart2.Init.OverSampling = UART_OVERSAMPLING_16;
 334:Core/Src/main.c ****   huart2.Init.OneBitSampling = UART_ONE_BIT_SAMPLE_DISABLE;
 335:Core/Src/main.c ****   huart2.AdvancedInit.AdvFeatureInit = UART_ADVFEATURE_NO_INIT;
 336:Core/Src/main.c ****   if (HAL_UART_Init(&huart2) != HAL_OK)
 337:Core/Src/main.c ****   {
 338:Core/Src/main.c ****     Error_Handler();
 339:Core/Src/main.c ****   }
 340:Core/Src/main.c ****   /* USER CODE BEGIN USART2_Init 2 */
 341:Core/Src/main.c **** 
 342:Core/Src/main.c ****   /* USER CODE END USART2_Init 2 */
 343:Core/Src/main.c **** 
 344:Core/Src/main.c **** }
 345:Core/Src/main.c **** 
 346:Core/Src/main.c **** /**
 347:Core/Src/main.c ****   * @brief GPIO Initialization Function
 348:Core/Src/main.c ****   * @param None
 349:Core/Src/main.c ****   * @retval None
 350:Core/Src/main.c ****   */
 351:Core/Src/main.c **** static void MX_GPIO_Init(void)
 352:Core/Src/main.c **** {
  28              		.loc 1 352 1 view -0
  29              		.cfi_startproc
  30              		@ args = 0, pretend = 0, frame = 32
  31              		@ frame_needed = 0, uses_anonymous_args = 0
  32 0000 70B5     		push	{r4, r5, r6, lr}
  33              	.LCFI0:
  34              		.cfi_def_cfa_offset 16
  35              		.cfi_offset 4, -16
  36              		.cfi_offset 5, -12
  37              		.cfi_offset 6, -8
  38              		.cfi_offset 14, -4
  39 0002 88B0     		sub	sp, sp, #32
  40              	.LCFI1:
  41              		.cfi_def_cfa_offset 48
 353:Core/Src/main.c ****   GPIO_InitTypeDef GPIO_InitStruct = {0};
  42              		.loc 1 353 3 view .LVU1
  43              		.loc 1 353 20 is_stmt 0 view .LVU2
  44 0004 0024     		movs	r4, #0
  45 0006 0394     		str	r4, [sp, #12]
  46 0008 0494     		str	r4, [sp, #16]
  47 000a 0594     		str	r4, [sp, #20]
ARM GAS  C:\Users\andywei\AppData\Local\Temp\cc1kzFJh.s 			page 8


  48 000c 0694     		str	r4, [sp, #24]
  49 000e 0794     		str	r4, [sp, #28]
 354:Core/Src/main.c **** 
 355:Core/Src/main.c ****   /* GPIO Ports Clock Enable */
 356:Core/Src/main.c ****   __HAL_RCC_GPIOC_CLK_ENABLE();
  50              		.loc 1 356 3 is_stmt 1 view .LVU3
  51              	.LBB4:
  52              		.loc 1 356 3 view .LVU4
  53              		.loc 1 356 3 view .LVU5
  54 0010 304B     		ldr	r3, .L3
  55 0012 DA6C     		ldr	r2, [r3, #76]
  56 0014 42F00402 		orr	r2, r2, #4
  57 0018 DA64     		str	r2, [r3, #76]
  58              		.loc 1 356 3 view .LVU6
  59 001a DA6C     		ldr	r2, [r3, #76]
  60 001c 02F00402 		and	r2, r2, #4
  61 0020 0092     		str	r2, [sp]
  62              		.loc 1 356 3 view .LVU7
  63 0022 009A     		ldr	r2, [sp]
  64              	.LBE4:
  65              		.loc 1 356 3 view .LVU8
 357:Core/Src/main.c ****   __HAL_RCC_GPIOA_CLK_ENABLE();
  66              		.loc 1 357 3 view .LVU9
  67              	.LBB5:
  68              		.loc 1 357 3 view .LVU10
  69              		.loc 1 357 3 view .LVU11
  70 0024 DA6C     		ldr	r2, [r3, #76]
  71 0026 42F00102 		orr	r2, r2, #1
  72 002a DA64     		str	r2, [r3, #76]
  73              		.loc 1 357 3 view .LVU12
  74 002c DA6C     		ldr	r2, [r3, #76]
  75 002e 02F00102 		and	r2, r2, #1
  76 0032 0192     		str	r2, [sp, #4]
  77              		.loc 1 357 3 view .LVU13
  78 0034 019A     		ldr	r2, [sp, #4]
  79              	.LBE5:
  80              		.loc 1 357 3 view .LVU14
 358:Core/Src/main.c ****   __HAL_RCC_GPIOB_CLK_ENABLE();
  81              		.loc 1 358 3 view .LVU15
  82              	.LBB6:
  83              		.loc 1 358 3 view .LVU16
  84              		.loc 1 358 3 view .LVU17
  85 0036 DA6C     		ldr	r2, [r3, #76]
  86 0038 42F00202 		orr	r2, r2, #2
  87 003c DA64     		str	r2, [r3, #76]
  88              		.loc 1 358 3 view .LVU18
  89 003e DB6C     		ldr	r3, [r3, #76]
  90 0040 03F00203 		and	r3, r3, #2
  91 0044 0293     		str	r3, [sp, #8]
  92              		.loc 1 358 3 view .LVU19
  93 0046 029B     		ldr	r3, [sp, #8]
  94              	.LBE6:
  95              		.loc 1 358 3 view .LVU20
 359:Core/Src/main.c **** 
 360:Core/Src/main.c ****   /*Configure GPIO pin Output Level */
 361:Core/Src/main.c ****   HAL_GPIO_WritePin(GPIOC, LED_RX_Pin|LED_TX_Pin, GPIO_PIN_RESET);
  96              		.loc 1 361 3 view .LVU21
ARM GAS  C:\Users\andywei\AppData\Local\Temp\cc1kzFJh.s 			page 9


  97 0048 234E     		ldr	r6, .L3+4
  98 004a 2246     		mov	r2, r4
  99 004c 0321     		movs	r1, #3
 100 004e 3046     		mov	r0, r6
 101 0050 FFF7FEFF 		bl	HAL_GPIO_WritePin
 102              	.LVL0:
 362:Core/Src/main.c **** 
 363:Core/Src/main.c ****   /*Configure GPIO pin Output Level */
 364:Core/Src/main.c ****   HAL_GPIO_WritePin(GPIOA, SX_RESET_Pin|ANT_SW_Pin, GPIO_PIN_RESET);
 103              		.loc 1 364 3 view .LVU22
 104 0054 2246     		mov	r2, r4
 105 0056 40F20121 		movw	r1, #513
 106 005a 4FF09040 		mov	r0, #1207959552
 107 005e FFF7FEFF 		bl	HAL_GPIO_WritePin
 108              	.LVL1:
 365:Core/Src/main.c **** 
 366:Core/Src/main.c ****   /*Configure GPIO pin Output Level */
 367:Core/Src/main.c ****   HAL_GPIO_WritePin(SPI1_NSS_GPIO_Port, SPI1_NSS_Pin, GPIO_PIN_SET);
 109              		.loc 1 367 3 view .LVU23
 110 0062 0122     		movs	r2, #1
 111 0064 4FF48071 		mov	r1, #256
 112 0068 4FF09040 		mov	r0, #1207959552
 113 006c FFF7FEFF 		bl	HAL_GPIO_WritePin
 114              	.LVL2:
 368:Core/Src/main.c **** 
 369:Core/Src/main.c ****   /*Configure GPIO pin : B1_Pin */
 370:Core/Src/main.c ****   GPIO_InitStruct.Pin = B1_Pin;
 115              		.loc 1 370 3 view .LVU24
 116              		.loc 1 370 23 is_stmt 0 view .LVU25
 117 0070 4FF40053 		mov	r3, #8192
 118 0074 0393     		str	r3, [sp, #12]
 371:Core/Src/main.c ****   GPIO_InitStruct.Mode = GPIO_MODE_IT_FALLING;
 119              		.loc 1 371 3 is_stmt 1 view .LVU26
 120              		.loc 1 371 24 is_stmt 0 view .LVU27
 121 0076 194B     		ldr	r3, .L3+8
 122 0078 0493     		str	r3, [sp, #16]
 372:Core/Src/main.c ****   GPIO_InitStruct.Pull = GPIO_NOPULL;
 123              		.loc 1 372 3 is_stmt 1 view .LVU28
 124              		.loc 1 372 24 is_stmt 0 view .LVU29
 125 007a 0594     		str	r4, [sp, #20]
 373:Core/Src/main.c ****   HAL_GPIO_Init(B1_GPIO_Port, &GPIO_InitStruct);
 126              		.loc 1 373 3 is_stmt 1 view .LVU30
 127 007c 03A9     		add	r1, sp, #12
 128 007e 3046     		mov	r0, r6
 129 0080 FFF7FEFF 		bl	HAL_GPIO_Init
 130              	.LVL3:
 374:Core/Src/main.c **** 
 375:Core/Src/main.c ****   /*Configure GPIO pins : LED_RX_Pin LED_TX_Pin */
 376:Core/Src/main.c ****   GPIO_InitStruct.Pin = LED_RX_Pin|LED_TX_Pin;
 131              		.loc 1 376 3 view .LVU31
 132              		.loc 1 376 23 is_stmt 0 view .LVU32
 133 0084 0323     		movs	r3, #3
 134 0086 0393     		str	r3, [sp, #12]
 377:Core/Src/main.c ****   GPIO_InitStruct.Mode = GPIO_MODE_OUTPUT_PP;
 135              		.loc 1 377 3 is_stmt 1 view .LVU33
 136              		.loc 1 377 24 is_stmt 0 view .LVU34
 137 0088 0125     		movs	r5, #1
ARM GAS  C:\Users\andywei\AppData\Local\Temp\cc1kzFJh.s 			page 10


 138 008a 0495     		str	r5, [sp, #16]
 378:Core/Src/main.c ****   GPIO_InitStruct.Pull = GPIO_NOPULL;
 139              		.loc 1 378 3 is_stmt 1 view .LVU35
 140              		.loc 1 378 24 is_stmt 0 view .LVU36
 141 008c 0594     		str	r4, [sp, #20]
 379:Core/Src/main.c ****   GPIO_InitStruct.Speed = GPIO_SPEED_FREQ_LOW;
 142              		.loc 1 379 3 is_stmt 1 view .LVU37
 143              		.loc 1 379 25 is_stmt 0 view .LVU38
 144 008e 0694     		str	r4, [sp, #24]
 380:Core/Src/main.c ****   HAL_GPIO_Init(GPIOC, &GPIO_InitStruct);
 145              		.loc 1 380 3 is_stmt 1 view .LVU39
 146 0090 03A9     		add	r1, sp, #12
 147 0092 3046     		mov	r0, r6
 148 0094 FFF7FEFF 		bl	HAL_GPIO_Init
 149              	.LVL4:
 381:Core/Src/main.c **** 
 382:Core/Src/main.c ****   /*Configure GPIO pins : SX_RESET_Pin SPI1_NSS_Pin ANT_SW_Pin */
 383:Core/Src/main.c ****   GPIO_InitStruct.Pin = SX_RESET_Pin|SPI1_NSS_Pin|ANT_SW_Pin;
 150              		.loc 1 383 3 view .LVU40
 151              		.loc 1 383 23 is_stmt 0 view .LVU41
 152 0098 40F20133 		movw	r3, #769
 153 009c 0393     		str	r3, [sp, #12]
 384:Core/Src/main.c ****   GPIO_InitStruct.Mode = GPIO_MODE_OUTPUT_PP;
 154              		.loc 1 384 3 is_stmt 1 view .LVU42
 155              		.loc 1 384 24 is_stmt 0 view .LVU43
 156 009e 0495     		str	r5, [sp, #16]
 385:Core/Src/main.c ****   GPIO_InitStruct.Pull = GPIO_NOPULL;
 157              		.loc 1 385 3 is_stmt 1 view .LVU44
 158              		.loc 1 385 24 is_stmt 0 view .LVU45
 159 00a0 0594     		str	r4, [sp, #20]
 386:Core/Src/main.c ****   GPIO_InitStruct.Speed = GPIO_SPEED_FREQ_LOW;
 160              		.loc 1 386 3 is_stmt 1 view .LVU46
 161              		.loc 1 386 25 is_stmt 0 view .LVU47
 162 00a2 0694     		str	r4, [sp, #24]
 387:Core/Src/main.c ****   HAL_GPIO_Init(GPIOA, &GPIO_InitStruct);
 163              		.loc 1 387 3 is_stmt 1 view .LVU48
 164 00a4 03A9     		add	r1, sp, #12
 165 00a6 4FF09040 		mov	r0, #1207959552
 166 00aa FFF7FEFF 		bl	HAL_GPIO_Init
 167              	.LVL5:
 388:Core/Src/main.c **** 
 389:Core/Src/main.c ****   /*Configure GPIO pins : BUSY_Pin DIO1_Pin */
 390:Core/Src/main.c ****   GPIO_InitStruct.Pin = BUSY_Pin|DIO1_Pin;
 168              		.loc 1 390 3 view .LVU49
 169              		.loc 1 390 23 is_stmt 0 view .LVU50
 170 00ae 1823     		movs	r3, #24
 171 00b0 0393     		str	r3, [sp, #12]
 391:Core/Src/main.c ****   GPIO_InitStruct.Mode = GPIO_MODE_INPUT;
 172              		.loc 1 391 3 is_stmt 1 view .LVU51
 173              		.loc 1 391 24 is_stmt 0 view .LVU52
 174 00b2 0494     		str	r4, [sp, #16]
 392:Core/Src/main.c ****   GPIO_InitStruct.Pull = GPIO_PULLUP;
 175              		.loc 1 392 3 is_stmt 1 view .LVU53
 176              		.loc 1 392 24 is_stmt 0 view .LVU54
 177 00b4 0595     		str	r5, [sp, #20]
 393:Core/Src/main.c ****   HAL_GPIO_Init(GPIOB, &GPIO_InitStruct);
 178              		.loc 1 393 3 is_stmt 1 view .LVU55
ARM GAS  C:\Users\andywei\AppData\Local\Temp\cc1kzFJh.s 			page 11


 179 00b6 03A9     		add	r1, sp, #12
 180 00b8 0948     		ldr	r0, .L3+12
 181 00ba FFF7FEFF 		bl	HAL_GPIO_Init
 182              	.LVL6:
 394:Core/Src/main.c **** 
 395:Core/Src/main.c ****   /* EXTI interrupt init*/
 396:Core/Src/main.c ****   HAL_NVIC_SetPriority(EXTI15_10_IRQn, 0, 0);
 183              		.loc 1 396 3 view .LVU56
 184 00be 2246     		mov	r2, r4
 185 00c0 2146     		mov	r1, r4
 186 00c2 2820     		movs	r0, #40
 187 00c4 FFF7FEFF 		bl	HAL_NVIC_SetPriority
 188              	.LVL7:
 397:Core/Src/main.c ****   HAL_NVIC_EnableIRQ(EXTI15_10_IRQn);
 189              		.loc 1 397 3 view .LVU57
 190 00c8 2820     		movs	r0, #40
 191 00ca FFF7FEFF 		bl	HAL_NVIC_EnableIRQ
 192              	.LVL8:
 398:Core/Src/main.c **** 
 399:Core/Src/main.c **** }
 193              		.loc 1 399 1 is_stmt 0 view .LVU58
 194 00ce 08B0     		add	sp, sp, #32
 195              	.LCFI2:
 196              		.cfi_def_cfa_offset 16
 197              		@ sp needed
 198 00d0 70BD     		pop	{r4, r5, r6, pc}
 199              	.L4:
 200 00d2 00BF     		.align	2
 201              	.L3:
 202 00d4 00100240 		.word	1073876992
 203 00d8 00080048 		.word	1207961600
 204 00dc 00002110 		.word	270598144
 205 00e0 00040048 		.word	1207960576
 206              		.cfi_endproc
 207              	.LFE142:
 209              		.section	.text.SER_PutChar,"ax",%progbits
 210              		.align	1
 211              		.global	SER_PutChar
 212              		.syntax unified
 213              		.thumb
 214              		.thumb_func
 215              		.fpu fpv4-sp-d16
 217              	SER_PutChar:
 218              	.LVL9:
 219              	.LFB135:
  68:Core/Src/main.c ****   unsigned char xx;
 220              		.loc 1 68 1 is_stmt 1 view -0
 221              		.cfi_startproc
 222              		@ args = 0, pretend = 0, frame = 8
 223              		@ frame_needed = 0, uses_anonymous_args = 0
  68:Core/Src/main.c ****   unsigned char xx;
 224              		.loc 1 68 1 is_stmt 0 view .LVU60
 225 0000 10B5     		push	{r4, lr}
 226              	.LCFI3:
 227              		.cfi_def_cfa_offset 8
 228              		.cfi_offset 4, -8
 229              		.cfi_offset 14, -4
ARM GAS  C:\Users\andywei\AppData\Local\Temp\cc1kzFJh.s 			page 12


 230 0002 82B0     		sub	sp, sp, #8
 231              	.LCFI4:
 232              		.cfi_def_cfa_offset 16
 233 0004 0446     		mov	r4, r0
  69:Core/Src/main.c ****   xx=c&0xff;
 234              		.loc 1 69 3 is_stmt 1 view .LVU61
  70:Core/Src/main.c ****   HAL_UART_Transmit(&huart2, &xx, 1, 1000);
 235              		.loc 1 70 3 view .LVU62
  70:Core/Src/main.c ****   HAL_UART_Transmit(&huart2, &xx, 1, 1000);
 236              		.loc 1 70 5 is_stmt 0 view .LVU63
 237 0006 8DF80700 		strb	r0, [sp, #7]
  71:Core/Src/main.c ****   return (c);
 238              		.loc 1 71 3 is_stmt 1 view .LVU64
 239 000a 4FF47A73 		mov	r3, #1000
 240 000e 0122     		movs	r2, #1
 241 0010 0DF10701 		add	r1, sp, #7
 242 0014 0248     		ldr	r0, .L7
 243              	.LVL10:
  71:Core/Src/main.c ****   return (c);
 244              		.loc 1 71 3 is_stmt 0 view .LVU65
 245 0016 FFF7FEFF 		bl	HAL_UART_Transmit
 246              	.LVL11:
  72:Core/Src/main.c **** }
 247              		.loc 1 72 3 is_stmt 1 view .LVU66
  73:Core/Src/main.c **** int _write(int fd, char *ptr, int len)
 248              		.loc 1 73 1 is_stmt 0 view .LVU67
 249 001a 2046     		mov	r0, r4
 250 001c 02B0     		add	sp, sp, #8
 251              	.LCFI5:
 252              		.cfi_def_cfa_offset 8
 253              		@ sp needed
 254 001e 10BD     		pop	{r4, pc}
 255              	.LVL12:
 256              	.L8:
  73:Core/Src/main.c **** int _write(int fd, char *ptr, int len)
 257              		.loc 1 73 1 view .LVU68
 258              		.align	2
 259              	.L7:
 260 0020 00000000 		.word	.LANCHOR0
 261              		.cfi_endproc
 262              	.LFE135:
 264              		.section	.text._write,"ax",%progbits
 265              		.align	1
 266              		.global	_write
 267              		.syntax unified
 268              		.thumb
 269              		.thumb_func
 270              		.fpu fpv4-sp-d16
 272              	_write:
 273              	.LVL13:
 274              	.LFB136:
  75:Core/Src/main.c ****   int i;
 275              		.loc 1 75 1 is_stmt 1 view -0
 276              		.cfi_startproc
 277              		@ args = 0, pretend = 0, frame = 0
 278              		@ frame_needed = 0, uses_anonymous_args = 0
  75:Core/Src/main.c ****   int i;
ARM GAS  C:\Users\andywei\AppData\Local\Temp\cc1kzFJh.s 			page 13


 279              		.loc 1 75 1 is_stmt 0 view .LVU70
 280 0000 70B5     		push	{r4, r5, r6, lr}
 281              	.LCFI6:
 282              		.cfi_def_cfa_offset 16
 283              		.cfi_offset 4, -16
 284              		.cfi_offset 5, -12
 285              		.cfi_offset 6, -8
 286              		.cfi_offset 14, -4
 287 0002 0C46     		mov	r4, r1
 288 0004 1646     		mov	r6, r2
  76:Core/Src/main.c **** 
 289              		.loc 1 76 3 is_stmt 1 view .LVU71
  78:Core/Src/main.c ****     SER_PutChar(*ptr++);
 290              		.loc 1 78 3 view .LVU72
 291              	.LVL14:
  78:Core/Src/main.c ****     SER_PutChar(*ptr++);
 292              		.loc 1 78 10 is_stmt 0 view .LVU73
 293 0006 0025     		movs	r5, #0
  78:Core/Src/main.c ****     SER_PutChar(*ptr++);
 294              		.loc 1 78 3 view .LVU74
 295 0008 04E0     		b	.L10
 296              	.LVL15:
 297              	.L11:
  79:Core/Src/main.c ****   return (i);
 298              		.loc 1 79 5 is_stmt 1 discriminator 3 view .LVU75
  79:Core/Src/main.c ****   return (i);
 299              		.loc 1 79 5 is_stmt 0 discriminator 3 view .LVU76
 300 000a 14F8010B 		ldrb	r0, [r4], #1	@ zero_extendqisi2
 301              	.LVL16:
  79:Core/Src/main.c ****   return (i);
 302              		.loc 1 79 5 discriminator 3 view .LVU77
 303 000e FFF7FEFF 		bl	SER_PutChar
 304              	.LVL17:
  78:Core/Src/main.c ****     SER_PutChar(*ptr++);
 305              		.loc 1 78 24 is_stmt 1 discriminator 3 view .LVU78
  78:Core/Src/main.c ****     SER_PutChar(*ptr++);
 306              		.loc 1 78 25 is_stmt 0 discriminator 3 view .LVU79
 307 0012 0135     		adds	r5, r5, #1
 308              	.LVL18:
 309              	.L10:
  78:Core/Src/main.c ****     SER_PutChar(*ptr++);
 310              		.loc 1 78 15 is_stmt 1 discriminator 1 view .LVU80
  78:Core/Src/main.c ****     SER_PutChar(*ptr++);
 311              		.loc 1 78 3 is_stmt 0 discriminator 1 view .LVU81
 312 0014 B542     		cmp	r5, r6
 313 0016 F8DB     		blt	.L11
  80:Core/Src/main.c **** }
 314              		.loc 1 80 3 is_stmt 1 view .LVU82
  81:Core/Src/main.c **** /* USER CODE END 0 */
 315              		.loc 1 81 1 is_stmt 0 view .LVU83
 316 0018 2846     		mov	r0, r5
 317 001a 70BD     		pop	{r4, r5, r6, pc}
  81:Core/Src/main.c **** /* USER CODE END 0 */
 318              		.loc 1 81 1 view .LVU84
 319              		.cfi_endproc
 320              	.LFE136:
 322              		.section	.text.Error_Handler,"ax",%progbits
ARM GAS  C:\Users\andywei\AppData\Local\Temp\cc1kzFJh.s 			page 14


 323              		.align	1
 324              		.global	Error_Handler
 325              		.syntax unified
 326              		.thumb
 327              		.thumb_func
 328              		.fpu fpv4-sp-d16
 330              	Error_Handler:
 331              	.LFB143:
 400:Core/Src/main.c **** 
 401:Core/Src/main.c **** /* USER CODE BEGIN 4 */
 402:Core/Src/main.c **** 
 403:Core/Src/main.c **** /* USER CODE END 4 */
 404:Core/Src/main.c **** 
 405:Core/Src/main.c **** /**
 406:Core/Src/main.c ****   * @brief  This function is executed in case of error occurrence.
 407:Core/Src/main.c ****   * @retval None
 408:Core/Src/main.c ****   */
 409:Core/Src/main.c **** void Error_Handler(void)
 410:Core/Src/main.c **** {
 332              		.loc 1 410 1 is_stmt 1 view -0
 333              		.cfi_startproc
 334              		@ Volatile: function does not return.
 335              		@ args = 0, pretend = 0, frame = 0
 336              		@ frame_needed = 0, uses_anonymous_args = 0
 337              		@ link register save eliminated.
 411:Core/Src/main.c ****   /* USER CODE BEGIN Error_Handler_Debug */
 412:Core/Src/main.c ****   /* User can add his own implementation to report the HAL error return state */
 413:Core/Src/main.c ****   __disable_irq();
 338              		.loc 1 413 3 view .LVU86
 339              	.LBB7:
 340              	.LBI7:
 341              		.file 2 "Drivers/CMSIS/Include/cmsis_gcc.h"
   1:Drivers/CMSIS/Include/cmsis_gcc.h **** /**************************************************************************//**
   2:Drivers/CMSIS/Include/cmsis_gcc.h ****  * @file     cmsis_gcc.h
   3:Drivers/CMSIS/Include/cmsis_gcc.h ****  * @brief    CMSIS compiler GCC header file
   4:Drivers/CMSIS/Include/cmsis_gcc.h ****  * @version  V5.2.0
   5:Drivers/CMSIS/Include/cmsis_gcc.h ****  * @date     08. May 2019
   6:Drivers/CMSIS/Include/cmsis_gcc.h ****  ******************************************************************************/
   7:Drivers/CMSIS/Include/cmsis_gcc.h **** /*
   8:Drivers/CMSIS/Include/cmsis_gcc.h ****  * Copyright (c) 2009-2019 Arm Limited. All rights reserved.
   9:Drivers/CMSIS/Include/cmsis_gcc.h ****  *
  10:Drivers/CMSIS/Include/cmsis_gcc.h ****  * SPDX-License-Identifier: Apache-2.0
  11:Drivers/CMSIS/Include/cmsis_gcc.h ****  *
  12:Drivers/CMSIS/Include/cmsis_gcc.h ****  * Licensed under the Apache License, Version 2.0 (the License); you may
  13:Drivers/CMSIS/Include/cmsis_gcc.h ****  * not use this file except in compliance with the License.
  14:Drivers/CMSIS/Include/cmsis_gcc.h ****  * You may obtain a copy of the License at
  15:Drivers/CMSIS/Include/cmsis_gcc.h ****  *
  16:Drivers/CMSIS/Include/cmsis_gcc.h ****  * www.apache.org/licenses/LICENSE-2.0
  17:Drivers/CMSIS/Include/cmsis_gcc.h ****  *
  18:Drivers/CMSIS/Include/cmsis_gcc.h ****  * Unless required by applicable law or agreed to in writing, software
  19:Drivers/CMSIS/Include/cmsis_gcc.h ****  * distributed under the License is distributed on an AS IS BASIS, WITHOUT
  20:Drivers/CMSIS/Include/cmsis_gcc.h ****  * WARRANTIES OR CONDITIONS OF ANY KIND, either express or implied.
  21:Drivers/CMSIS/Include/cmsis_gcc.h ****  * See the License for the specific language governing permissions and
  22:Drivers/CMSIS/Include/cmsis_gcc.h ****  * limitations under the License.
  23:Drivers/CMSIS/Include/cmsis_gcc.h ****  */
  24:Drivers/CMSIS/Include/cmsis_gcc.h **** 
  25:Drivers/CMSIS/Include/cmsis_gcc.h **** #ifndef __CMSIS_GCC_H
ARM GAS  C:\Users\andywei\AppData\Local\Temp\cc1kzFJh.s 			page 15


  26:Drivers/CMSIS/Include/cmsis_gcc.h **** #define __CMSIS_GCC_H
  27:Drivers/CMSIS/Include/cmsis_gcc.h **** 
  28:Drivers/CMSIS/Include/cmsis_gcc.h **** /* ignore some GCC warnings */
  29:Drivers/CMSIS/Include/cmsis_gcc.h **** #pragma GCC diagnostic push
  30:Drivers/CMSIS/Include/cmsis_gcc.h **** #pragma GCC diagnostic ignored "-Wsign-conversion"
  31:Drivers/CMSIS/Include/cmsis_gcc.h **** #pragma GCC diagnostic ignored "-Wconversion"
  32:Drivers/CMSIS/Include/cmsis_gcc.h **** #pragma GCC diagnostic ignored "-Wunused-parameter"
  33:Drivers/CMSIS/Include/cmsis_gcc.h **** 
  34:Drivers/CMSIS/Include/cmsis_gcc.h **** /* Fallback for __has_builtin */
  35:Drivers/CMSIS/Include/cmsis_gcc.h **** #ifndef __has_builtin
  36:Drivers/CMSIS/Include/cmsis_gcc.h ****   #define __has_builtin(x) (0)
  37:Drivers/CMSIS/Include/cmsis_gcc.h **** #endif
  38:Drivers/CMSIS/Include/cmsis_gcc.h **** 
  39:Drivers/CMSIS/Include/cmsis_gcc.h **** /* CMSIS compiler specific defines */
  40:Drivers/CMSIS/Include/cmsis_gcc.h **** #ifndef   __ASM
  41:Drivers/CMSIS/Include/cmsis_gcc.h ****   #define __ASM                                  __asm
  42:Drivers/CMSIS/Include/cmsis_gcc.h **** #endif
  43:Drivers/CMSIS/Include/cmsis_gcc.h **** #ifndef   __INLINE
  44:Drivers/CMSIS/Include/cmsis_gcc.h ****   #define __INLINE                               inline
  45:Drivers/CMSIS/Include/cmsis_gcc.h **** #endif
  46:Drivers/CMSIS/Include/cmsis_gcc.h **** #ifndef   __STATIC_INLINE
  47:Drivers/CMSIS/Include/cmsis_gcc.h ****   #define __STATIC_INLINE                        static inline
  48:Drivers/CMSIS/Include/cmsis_gcc.h **** #endif
  49:Drivers/CMSIS/Include/cmsis_gcc.h **** #ifndef   __STATIC_FORCEINLINE                 
  50:Drivers/CMSIS/Include/cmsis_gcc.h ****   #define __STATIC_FORCEINLINE                   __attribute__((always_inline)) static inline
  51:Drivers/CMSIS/Include/cmsis_gcc.h **** #endif                                           
  52:Drivers/CMSIS/Include/cmsis_gcc.h **** #ifndef   __NO_RETURN
  53:Drivers/CMSIS/Include/cmsis_gcc.h ****   #define __NO_RETURN                            __attribute__((__noreturn__))
  54:Drivers/CMSIS/Include/cmsis_gcc.h **** #endif
  55:Drivers/CMSIS/Include/cmsis_gcc.h **** #ifndef   __USED
  56:Drivers/CMSIS/Include/cmsis_gcc.h ****   #define __USED                                 __attribute__((used))
  57:Drivers/CMSIS/Include/cmsis_gcc.h **** #endif
  58:Drivers/CMSIS/Include/cmsis_gcc.h **** #ifndef   __WEAK
  59:Drivers/CMSIS/Include/cmsis_gcc.h ****   #define __WEAK                                 __attribute__((weak))
  60:Drivers/CMSIS/Include/cmsis_gcc.h **** #endif
  61:Drivers/CMSIS/Include/cmsis_gcc.h **** #ifndef   __PACKED
  62:Drivers/CMSIS/Include/cmsis_gcc.h ****   #define __PACKED                               __attribute__((packed, aligned(1)))
  63:Drivers/CMSIS/Include/cmsis_gcc.h **** #endif
  64:Drivers/CMSIS/Include/cmsis_gcc.h **** #ifndef   __PACKED_STRUCT
  65:Drivers/CMSIS/Include/cmsis_gcc.h ****   #define __PACKED_STRUCT                        struct __attribute__((packed, aligned(1)))
  66:Drivers/CMSIS/Include/cmsis_gcc.h **** #endif
  67:Drivers/CMSIS/Include/cmsis_gcc.h **** #ifndef   __PACKED_UNION
  68:Drivers/CMSIS/Include/cmsis_gcc.h ****   #define __PACKED_UNION                         union __attribute__((packed, aligned(1)))
  69:Drivers/CMSIS/Include/cmsis_gcc.h **** #endif
  70:Drivers/CMSIS/Include/cmsis_gcc.h **** #ifndef   __UNALIGNED_UINT32        /* deprecated */
  71:Drivers/CMSIS/Include/cmsis_gcc.h ****   #pragma GCC diagnostic push
  72:Drivers/CMSIS/Include/cmsis_gcc.h ****   #pragma GCC diagnostic ignored "-Wpacked"
  73:Drivers/CMSIS/Include/cmsis_gcc.h ****   #pragma GCC diagnostic ignored "-Wattributes"
  74:Drivers/CMSIS/Include/cmsis_gcc.h ****   struct __attribute__((packed)) T_UINT32 { uint32_t v; };
  75:Drivers/CMSIS/Include/cmsis_gcc.h ****   #pragma GCC diagnostic pop
  76:Drivers/CMSIS/Include/cmsis_gcc.h ****   #define __UNALIGNED_UINT32(x)                  (((struct T_UINT32 *)(x))->v)
  77:Drivers/CMSIS/Include/cmsis_gcc.h **** #endif
  78:Drivers/CMSIS/Include/cmsis_gcc.h **** #ifndef   __UNALIGNED_UINT16_WRITE
  79:Drivers/CMSIS/Include/cmsis_gcc.h ****   #pragma GCC diagnostic push
  80:Drivers/CMSIS/Include/cmsis_gcc.h ****   #pragma GCC diagnostic ignored "-Wpacked"
  81:Drivers/CMSIS/Include/cmsis_gcc.h ****   #pragma GCC diagnostic ignored "-Wattributes"
  82:Drivers/CMSIS/Include/cmsis_gcc.h ****   __PACKED_STRUCT T_UINT16_WRITE { uint16_t v; };
ARM GAS  C:\Users\andywei\AppData\Local\Temp\cc1kzFJh.s 			page 16


  83:Drivers/CMSIS/Include/cmsis_gcc.h ****   #pragma GCC diagnostic pop
  84:Drivers/CMSIS/Include/cmsis_gcc.h ****   #define __UNALIGNED_UINT16_WRITE(addr, val)    (void)((((struct T_UINT16_WRITE *)(void *)(addr))-
  85:Drivers/CMSIS/Include/cmsis_gcc.h **** #endif
  86:Drivers/CMSIS/Include/cmsis_gcc.h **** #ifndef   __UNALIGNED_UINT16_READ
  87:Drivers/CMSIS/Include/cmsis_gcc.h ****   #pragma GCC diagnostic push
  88:Drivers/CMSIS/Include/cmsis_gcc.h ****   #pragma GCC diagnostic ignored "-Wpacked"
  89:Drivers/CMSIS/Include/cmsis_gcc.h ****   #pragma GCC diagnostic ignored "-Wattributes"
  90:Drivers/CMSIS/Include/cmsis_gcc.h ****   __PACKED_STRUCT T_UINT16_READ { uint16_t v; };
  91:Drivers/CMSIS/Include/cmsis_gcc.h ****   #pragma GCC diagnostic pop
  92:Drivers/CMSIS/Include/cmsis_gcc.h ****   #define __UNALIGNED_UINT16_READ(addr)          (((const struct T_UINT16_READ *)(const void *)(add
  93:Drivers/CMSIS/Include/cmsis_gcc.h **** #endif
  94:Drivers/CMSIS/Include/cmsis_gcc.h **** #ifndef   __UNALIGNED_UINT32_WRITE
  95:Drivers/CMSIS/Include/cmsis_gcc.h ****   #pragma GCC diagnostic push
  96:Drivers/CMSIS/Include/cmsis_gcc.h ****   #pragma GCC diagnostic ignored "-Wpacked"
  97:Drivers/CMSIS/Include/cmsis_gcc.h ****   #pragma GCC diagnostic ignored "-Wattributes"
  98:Drivers/CMSIS/Include/cmsis_gcc.h ****   __PACKED_STRUCT T_UINT32_WRITE { uint32_t v; };
  99:Drivers/CMSIS/Include/cmsis_gcc.h ****   #pragma GCC diagnostic pop
 100:Drivers/CMSIS/Include/cmsis_gcc.h ****   #define __UNALIGNED_UINT32_WRITE(addr, val)    (void)((((struct T_UINT32_WRITE *)(void *)(addr))-
 101:Drivers/CMSIS/Include/cmsis_gcc.h **** #endif
 102:Drivers/CMSIS/Include/cmsis_gcc.h **** #ifndef   __UNALIGNED_UINT32_READ
 103:Drivers/CMSIS/Include/cmsis_gcc.h ****   #pragma GCC diagnostic push
 104:Drivers/CMSIS/Include/cmsis_gcc.h ****   #pragma GCC diagnostic ignored "-Wpacked"
 105:Drivers/CMSIS/Include/cmsis_gcc.h ****   #pragma GCC diagnostic ignored "-Wattributes"
 106:Drivers/CMSIS/Include/cmsis_gcc.h ****   __PACKED_STRUCT T_UINT32_READ { uint32_t v; };
 107:Drivers/CMSIS/Include/cmsis_gcc.h ****   #pragma GCC diagnostic pop
 108:Drivers/CMSIS/Include/cmsis_gcc.h ****   #define __UNALIGNED_UINT32_READ(addr)          (((const struct T_UINT32_READ *)(const void *)(add
 109:Drivers/CMSIS/Include/cmsis_gcc.h **** #endif
 110:Drivers/CMSIS/Include/cmsis_gcc.h **** #ifndef   __ALIGNED
 111:Drivers/CMSIS/Include/cmsis_gcc.h ****   #define __ALIGNED(x)                           __attribute__((aligned(x)))
 112:Drivers/CMSIS/Include/cmsis_gcc.h **** #endif
 113:Drivers/CMSIS/Include/cmsis_gcc.h **** #ifndef   __RESTRICT
 114:Drivers/CMSIS/Include/cmsis_gcc.h ****   #define __RESTRICT                             __restrict
 115:Drivers/CMSIS/Include/cmsis_gcc.h **** #endif
 116:Drivers/CMSIS/Include/cmsis_gcc.h **** #ifndef   __COMPILER_BARRIER
 117:Drivers/CMSIS/Include/cmsis_gcc.h ****   #define __COMPILER_BARRIER()                   __ASM volatile("":::"memory")
 118:Drivers/CMSIS/Include/cmsis_gcc.h **** #endif
 119:Drivers/CMSIS/Include/cmsis_gcc.h **** 
 120:Drivers/CMSIS/Include/cmsis_gcc.h **** /* #########################  Startup and Lowlevel Init  ######################## */
 121:Drivers/CMSIS/Include/cmsis_gcc.h **** 
 122:Drivers/CMSIS/Include/cmsis_gcc.h **** #ifndef __PROGRAM_START
 123:Drivers/CMSIS/Include/cmsis_gcc.h **** 
 124:Drivers/CMSIS/Include/cmsis_gcc.h **** /**
 125:Drivers/CMSIS/Include/cmsis_gcc.h ****   \brief   Initializes data and bss sections
 126:Drivers/CMSIS/Include/cmsis_gcc.h ****   \details This default implementations initialized all data and additional bss
 127:Drivers/CMSIS/Include/cmsis_gcc.h ****            sections relying on .copy.table and .zero.table specified properly
 128:Drivers/CMSIS/Include/cmsis_gcc.h ****            in the used linker script.
 129:Drivers/CMSIS/Include/cmsis_gcc.h ****   
 130:Drivers/CMSIS/Include/cmsis_gcc.h ****  */
 131:Drivers/CMSIS/Include/cmsis_gcc.h **** __STATIC_FORCEINLINE __NO_RETURN void __cmsis_start(void)
 132:Drivers/CMSIS/Include/cmsis_gcc.h **** {
 133:Drivers/CMSIS/Include/cmsis_gcc.h ****   extern void _start(void) __NO_RETURN;
 134:Drivers/CMSIS/Include/cmsis_gcc.h ****   
 135:Drivers/CMSIS/Include/cmsis_gcc.h ****   typedef struct {
 136:Drivers/CMSIS/Include/cmsis_gcc.h ****     uint32_t const* src;
 137:Drivers/CMSIS/Include/cmsis_gcc.h ****     uint32_t* dest;
 138:Drivers/CMSIS/Include/cmsis_gcc.h ****     uint32_t  wlen;
 139:Drivers/CMSIS/Include/cmsis_gcc.h ****   } __copy_table_t;
ARM GAS  C:\Users\andywei\AppData\Local\Temp\cc1kzFJh.s 			page 17


 140:Drivers/CMSIS/Include/cmsis_gcc.h ****   
 141:Drivers/CMSIS/Include/cmsis_gcc.h ****   typedef struct {
 142:Drivers/CMSIS/Include/cmsis_gcc.h ****     uint32_t* dest;
 143:Drivers/CMSIS/Include/cmsis_gcc.h ****     uint32_t  wlen;
 144:Drivers/CMSIS/Include/cmsis_gcc.h ****   } __zero_table_t;
 145:Drivers/CMSIS/Include/cmsis_gcc.h ****   
 146:Drivers/CMSIS/Include/cmsis_gcc.h ****   extern const __copy_table_t __copy_table_start__;
 147:Drivers/CMSIS/Include/cmsis_gcc.h ****   extern const __copy_table_t __copy_table_end__;
 148:Drivers/CMSIS/Include/cmsis_gcc.h ****   extern const __zero_table_t __zero_table_start__;
 149:Drivers/CMSIS/Include/cmsis_gcc.h ****   extern const __zero_table_t __zero_table_end__;
 150:Drivers/CMSIS/Include/cmsis_gcc.h **** 
 151:Drivers/CMSIS/Include/cmsis_gcc.h ****   for (__copy_table_t const* pTable = &__copy_table_start__; pTable < &__copy_table_end__; ++pTable
 152:Drivers/CMSIS/Include/cmsis_gcc.h ****     for(uint32_t i=0u; i<pTable->wlen; ++i) {
 153:Drivers/CMSIS/Include/cmsis_gcc.h ****       pTable->dest[i] = pTable->src[i];
 154:Drivers/CMSIS/Include/cmsis_gcc.h ****     }
 155:Drivers/CMSIS/Include/cmsis_gcc.h ****   }
 156:Drivers/CMSIS/Include/cmsis_gcc.h ****  
 157:Drivers/CMSIS/Include/cmsis_gcc.h ****   for (__zero_table_t const* pTable = &__zero_table_start__; pTable < &__zero_table_end__; ++pTable
 158:Drivers/CMSIS/Include/cmsis_gcc.h ****     for(uint32_t i=0u; i<pTable->wlen; ++i) {
 159:Drivers/CMSIS/Include/cmsis_gcc.h ****       pTable->dest[i] = 0u;
 160:Drivers/CMSIS/Include/cmsis_gcc.h ****     }
 161:Drivers/CMSIS/Include/cmsis_gcc.h ****   }
 162:Drivers/CMSIS/Include/cmsis_gcc.h ****  
 163:Drivers/CMSIS/Include/cmsis_gcc.h ****   _start();
 164:Drivers/CMSIS/Include/cmsis_gcc.h **** }
 165:Drivers/CMSIS/Include/cmsis_gcc.h ****   
 166:Drivers/CMSIS/Include/cmsis_gcc.h **** #define __PROGRAM_START           __cmsis_start
 167:Drivers/CMSIS/Include/cmsis_gcc.h **** #endif
 168:Drivers/CMSIS/Include/cmsis_gcc.h **** 
 169:Drivers/CMSIS/Include/cmsis_gcc.h **** #ifndef __INITIAL_SP
 170:Drivers/CMSIS/Include/cmsis_gcc.h **** #define __INITIAL_SP              __StackTop
 171:Drivers/CMSIS/Include/cmsis_gcc.h **** #endif
 172:Drivers/CMSIS/Include/cmsis_gcc.h **** 
 173:Drivers/CMSIS/Include/cmsis_gcc.h **** #ifndef __STACK_LIMIT
 174:Drivers/CMSIS/Include/cmsis_gcc.h **** #define __STACK_LIMIT             __StackLimit
 175:Drivers/CMSIS/Include/cmsis_gcc.h **** #endif
 176:Drivers/CMSIS/Include/cmsis_gcc.h **** 
 177:Drivers/CMSIS/Include/cmsis_gcc.h **** #ifndef __VECTOR_TABLE
 178:Drivers/CMSIS/Include/cmsis_gcc.h **** #define __VECTOR_TABLE            __Vectors
 179:Drivers/CMSIS/Include/cmsis_gcc.h **** #endif
 180:Drivers/CMSIS/Include/cmsis_gcc.h **** 
 181:Drivers/CMSIS/Include/cmsis_gcc.h **** #ifndef __VECTOR_TABLE_ATTRIBUTE
 182:Drivers/CMSIS/Include/cmsis_gcc.h **** #define __VECTOR_TABLE_ATTRIBUTE  __attribute((used, section(".vectors")))
 183:Drivers/CMSIS/Include/cmsis_gcc.h **** #endif
 184:Drivers/CMSIS/Include/cmsis_gcc.h **** 
 185:Drivers/CMSIS/Include/cmsis_gcc.h **** /* ###########################  Core Function Access  ########################### */
 186:Drivers/CMSIS/Include/cmsis_gcc.h **** /** \ingroup  CMSIS_Core_FunctionInterface
 187:Drivers/CMSIS/Include/cmsis_gcc.h ****     \defgroup CMSIS_Core_RegAccFunctions CMSIS Core Register Access Functions
 188:Drivers/CMSIS/Include/cmsis_gcc.h ****   @{
 189:Drivers/CMSIS/Include/cmsis_gcc.h ****  */
 190:Drivers/CMSIS/Include/cmsis_gcc.h **** 
 191:Drivers/CMSIS/Include/cmsis_gcc.h **** /**
 192:Drivers/CMSIS/Include/cmsis_gcc.h ****   \brief   Enable IRQ Interrupts
 193:Drivers/CMSIS/Include/cmsis_gcc.h ****   \details Enables IRQ interrupts by clearing the I-bit in the CPSR.
 194:Drivers/CMSIS/Include/cmsis_gcc.h ****            Can only be executed in Privileged modes.
 195:Drivers/CMSIS/Include/cmsis_gcc.h ****  */
 196:Drivers/CMSIS/Include/cmsis_gcc.h **** __STATIC_FORCEINLINE void __enable_irq(void)
ARM GAS  C:\Users\andywei\AppData\Local\Temp\cc1kzFJh.s 			page 18


 197:Drivers/CMSIS/Include/cmsis_gcc.h **** {
 198:Drivers/CMSIS/Include/cmsis_gcc.h ****   __ASM volatile ("cpsie i" : : : "memory");
 199:Drivers/CMSIS/Include/cmsis_gcc.h **** }
 200:Drivers/CMSIS/Include/cmsis_gcc.h **** 
 201:Drivers/CMSIS/Include/cmsis_gcc.h **** 
 202:Drivers/CMSIS/Include/cmsis_gcc.h **** /**
 203:Drivers/CMSIS/Include/cmsis_gcc.h ****   \brief   Disable IRQ Interrupts
 204:Drivers/CMSIS/Include/cmsis_gcc.h ****   \details Disables IRQ interrupts by setting the I-bit in the CPSR.
 205:Drivers/CMSIS/Include/cmsis_gcc.h ****            Can only be executed in Privileged modes.
 206:Drivers/CMSIS/Include/cmsis_gcc.h ****  */
 207:Drivers/CMSIS/Include/cmsis_gcc.h **** __STATIC_FORCEINLINE void __disable_irq(void)
 342              		.loc 2 207 27 view .LVU87
 343              	.LBB8:
 208:Drivers/CMSIS/Include/cmsis_gcc.h **** {
 209:Drivers/CMSIS/Include/cmsis_gcc.h ****   __ASM volatile ("cpsid i" : : : "memory");
 344              		.loc 2 209 3 view .LVU88
 345              		.syntax unified
 346              	@ 209 "Drivers/CMSIS/Include/cmsis_gcc.h" 1
 347 0000 72B6     		cpsid i
 348              	@ 0 "" 2
 349              		.thumb
 350              		.syntax unified
 351              	.L14:
 352              	.LBE8:
 353              	.LBE7:
 414:Core/Src/main.c ****   while (1)
 354              		.loc 1 414 3 discriminator 1 view .LVU89
 415:Core/Src/main.c ****   {
 416:Core/Src/main.c ****   }
 355              		.loc 1 416 3 discriminator 1 view .LVU90
 414:Core/Src/main.c ****   while (1)
 356              		.loc 1 414 9 discriminator 1 view .LVU91
 357 0002 FEE7     		b	.L14
 358              		.cfi_endproc
 359              	.LFE143:
 361              		.section	.text.MX_SPI1_Init,"ax",%progbits
 362              		.align	1
 363              		.syntax unified
 364              		.thumb
 365              		.thumb_func
 366              		.fpu fpv4-sp-d16
 368              	MX_SPI1_Init:
 369              	.LFB140:
 277:Core/Src/main.c **** 
 370              		.loc 1 277 1 view -0
 371              		.cfi_startproc
 372              		@ args = 0, pretend = 0, frame = 0
 373              		@ frame_needed = 0, uses_anonymous_args = 0
 374 0000 08B5     		push	{r3, lr}
 375              	.LCFI7:
 376              		.cfi_def_cfa_offset 8
 377              		.cfi_offset 3, -8
 378              		.cfi_offset 14, -4
 287:Core/Src/main.c ****   hspi1.Init.Mode = SPI_MODE_MASTER;
 379              		.loc 1 287 3 view .LVU93
 287:Core/Src/main.c ****   hspi1.Init.Mode = SPI_MODE_MASTER;
 380              		.loc 1 287 18 is_stmt 0 view .LVU94
ARM GAS  C:\Users\andywei\AppData\Local\Temp\cc1kzFJh.s 			page 19


 381 0002 1048     		ldr	r0, .L19
 382 0004 104B     		ldr	r3, .L19+4
 383 0006 0360     		str	r3, [r0]
 288:Core/Src/main.c ****   hspi1.Init.Direction = SPI_DIRECTION_2LINES;
 384              		.loc 1 288 3 is_stmt 1 view .LVU95
 288:Core/Src/main.c ****   hspi1.Init.Direction = SPI_DIRECTION_2LINES;
 385              		.loc 1 288 19 is_stmt 0 view .LVU96
 386 0008 4FF48273 		mov	r3, #260
 387 000c 4360     		str	r3, [r0, #4]
 289:Core/Src/main.c ****   hspi1.Init.DataSize = SPI_DATASIZE_8BIT;
 388              		.loc 1 289 3 is_stmt 1 view .LVU97
 289:Core/Src/main.c ****   hspi1.Init.DataSize = SPI_DATASIZE_8BIT;
 389              		.loc 1 289 24 is_stmt 0 view .LVU98
 390 000e 0023     		movs	r3, #0
 391 0010 8360     		str	r3, [r0, #8]
 290:Core/Src/main.c ****   hspi1.Init.CLKPolarity = SPI_POLARITY_LOW;
 392              		.loc 1 290 3 is_stmt 1 view .LVU99
 290:Core/Src/main.c ****   hspi1.Init.CLKPolarity = SPI_POLARITY_LOW;
 393              		.loc 1 290 23 is_stmt 0 view .LVU100
 394 0012 4FF4E062 		mov	r2, #1792
 395 0016 C260     		str	r2, [r0, #12]
 291:Core/Src/main.c ****   hspi1.Init.CLKPhase = SPI_PHASE_2EDGE;
 396              		.loc 1 291 3 is_stmt 1 view .LVU101
 291:Core/Src/main.c ****   hspi1.Init.CLKPhase = SPI_PHASE_2EDGE;
 397              		.loc 1 291 26 is_stmt 0 view .LVU102
 398 0018 0361     		str	r3, [r0, #16]
 292:Core/Src/main.c ****   hspi1.Init.NSS = SPI_NSS_SOFT;
 399              		.loc 1 292 3 is_stmt 1 view .LVU103
 292:Core/Src/main.c ****   hspi1.Init.NSS = SPI_NSS_SOFT;
 400              		.loc 1 292 23 is_stmt 0 view .LVU104
 401 001a 0122     		movs	r2, #1
 402 001c 4261     		str	r2, [r0, #20]
 293:Core/Src/main.c ****   hspi1.Init.BaudRatePrescaler = SPI_BAUDRATEPRESCALER_128;
 403              		.loc 1 293 3 is_stmt 1 view .LVU105
 293:Core/Src/main.c ****   hspi1.Init.BaudRatePrescaler = SPI_BAUDRATEPRESCALER_128;
 404              		.loc 1 293 18 is_stmt 0 view .LVU106
 405 001e 4FF40072 		mov	r2, #512
 406 0022 8261     		str	r2, [r0, #24]
 294:Core/Src/main.c ****   hspi1.Init.FirstBit = SPI_FIRSTBIT_MSB;
 407              		.loc 1 294 3 is_stmt 1 view .LVU107
 294:Core/Src/main.c ****   hspi1.Init.FirstBit = SPI_FIRSTBIT_MSB;
 408              		.loc 1 294 32 is_stmt 0 view .LVU108
 409 0024 3022     		movs	r2, #48
 410 0026 C261     		str	r2, [r0, #28]
 295:Core/Src/main.c ****   hspi1.Init.TIMode = SPI_TIMODE_DISABLE;
 411              		.loc 1 295 3 is_stmt 1 view .LVU109
 295:Core/Src/main.c ****   hspi1.Init.TIMode = SPI_TIMODE_DISABLE;
 412              		.loc 1 295 23 is_stmt 0 view .LVU110
 413 0028 0362     		str	r3, [r0, #32]
 296:Core/Src/main.c ****   hspi1.Init.CRCCalculation = SPI_CRCCALCULATION_DISABLE;
 414              		.loc 1 296 3 is_stmt 1 view .LVU111
 296:Core/Src/main.c ****   hspi1.Init.CRCCalculation = SPI_CRCCALCULATION_DISABLE;
 415              		.loc 1 296 21 is_stmt 0 view .LVU112
 416 002a 4362     		str	r3, [r0, #36]
 297:Core/Src/main.c ****   hspi1.Init.CRCPolynomial = 7;
 417              		.loc 1 297 3 is_stmt 1 view .LVU113
 297:Core/Src/main.c ****   hspi1.Init.CRCPolynomial = 7;
ARM GAS  C:\Users\andywei\AppData\Local\Temp\cc1kzFJh.s 			page 20


 418              		.loc 1 297 29 is_stmt 0 view .LVU114
 419 002c 8362     		str	r3, [r0, #40]
 298:Core/Src/main.c ****   hspi1.Init.CRCLength = SPI_CRC_LENGTH_DATASIZE;
 420              		.loc 1 298 3 is_stmt 1 view .LVU115
 298:Core/Src/main.c ****   hspi1.Init.CRCLength = SPI_CRC_LENGTH_DATASIZE;
 421              		.loc 1 298 28 is_stmt 0 view .LVU116
 422 002e 0722     		movs	r2, #7
 423 0030 C262     		str	r2, [r0, #44]
 299:Core/Src/main.c ****   hspi1.Init.NSSPMode = SPI_NSS_PULSE_DISABLE;
 424              		.loc 1 299 3 is_stmt 1 view .LVU117
 299:Core/Src/main.c ****   hspi1.Init.NSSPMode = SPI_NSS_PULSE_DISABLE;
 425              		.loc 1 299 24 is_stmt 0 view .LVU118
 426 0032 0363     		str	r3, [r0, #48]
 300:Core/Src/main.c ****   if (HAL_SPI_Init(&hspi1) != HAL_OK)
 427              		.loc 1 300 3 is_stmt 1 view .LVU119
 300:Core/Src/main.c ****   if (HAL_SPI_Init(&hspi1) != HAL_OK)
 428              		.loc 1 300 23 is_stmt 0 view .LVU120
 429 0034 4363     		str	r3, [r0, #52]
 301:Core/Src/main.c ****   {
 430              		.loc 1 301 3 is_stmt 1 view .LVU121
 301:Core/Src/main.c ****   {
 431              		.loc 1 301 7 is_stmt 0 view .LVU122
 432 0036 FFF7FEFF 		bl	HAL_SPI_Init
 433              	.LVL19:
 301:Core/Src/main.c ****   {
 434              		.loc 1 301 6 view .LVU123
 435 003a 00B9     		cbnz	r0, .L18
 309:Core/Src/main.c **** 
 436              		.loc 1 309 1 view .LVU124
 437 003c 08BD     		pop	{r3, pc}
 438              	.L18:
 303:Core/Src/main.c ****   }
 439              		.loc 1 303 5 is_stmt 1 view .LVU125
 440 003e FFF7FEFF 		bl	Error_Handler
 441              	.LVL20:
 442              	.L20:
 443 0042 00BF     		.align	2
 444              	.L19:
 445 0044 00000000 		.word	.LANCHOR1
 446 0048 00300140 		.word	1073819648
 447              		.cfi_endproc
 448              	.LFE140:
 450              		.section	.text.MX_USART2_UART_Init,"ax",%progbits
 451              		.align	1
 452              		.syntax unified
 453              		.thumb
 454              		.thumb_func
 455              		.fpu fpv4-sp-d16
 457              	MX_USART2_UART_Init:
 458              	.LFB141:
 317:Core/Src/main.c **** 
 459              		.loc 1 317 1 view -0
 460              		.cfi_startproc
 461              		@ args = 0, pretend = 0, frame = 0
 462              		@ frame_needed = 0, uses_anonymous_args = 0
 463 0000 08B5     		push	{r3, lr}
 464              	.LCFI8:
ARM GAS  C:\Users\andywei\AppData\Local\Temp\cc1kzFJh.s 			page 21


 465              		.cfi_def_cfa_offset 8
 466              		.cfi_offset 3, -8
 467              		.cfi_offset 14, -4
 326:Core/Src/main.c ****   huart2.Init.BaudRate = 115200;
 468              		.loc 1 326 3 view .LVU127
 326:Core/Src/main.c ****   huart2.Init.BaudRate = 115200;
 469              		.loc 1 326 19 is_stmt 0 view .LVU128
 470 0002 0B48     		ldr	r0, .L25
 471 0004 0B4B     		ldr	r3, .L25+4
 472 0006 0360     		str	r3, [r0]
 327:Core/Src/main.c ****   huart2.Init.WordLength = UART_WORDLENGTH_8B;
 473              		.loc 1 327 3 is_stmt 1 view .LVU129
 327:Core/Src/main.c ****   huart2.Init.WordLength = UART_WORDLENGTH_8B;
 474              		.loc 1 327 24 is_stmt 0 view .LVU130
 475 0008 4FF4E133 		mov	r3, #115200
 476 000c 4360     		str	r3, [r0, #4]
 328:Core/Src/main.c ****   huart2.Init.StopBits = UART_STOPBITS_1;
 477              		.loc 1 328 3 is_stmt 1 view .LVU131
 328:Core/Src/main.c ****   huart2.Init.StopBits = UART_STOPBITS_1;
 478              		.loc 1 328 26 is_stmt 0 view .LVU132
 479 000e 0023     		movs	r3, #0
 480 0010 8360     		str	r3, [r0, #8]
 329:Core/Src/main.c ****   huart2.Init.Parity = UART_PARITY_NONE;
 481              		.loc 1 329 3 is_stmt 1 view .LVU133
 329:Core/Src/main.c ****   huart2.Init.Parity = UART_PARITY_NONE;
 482              		.loc 1 329 24 is_stmt 0 view .LVU134
 483 0012 C360     		str	r3, [r0, #12]
 330:Core/Src/main.c ****   huart2.Init.Mode = UART_MODE_TX_RX;
 484              		.loc 1 330 3 is_stmt 1 view .LVU135
 330:Core/Src/main.c ****   huart2.Init.Mode = UART_MODE_TX_RX;
 485              		.loc 1 330 22 is_stmt 0 view .LVU136
 486 0014 0361     		str	r3, [r0, #16]
 331:Core/Src/main.c ****   huart2.Init.HwFlowCtl = UART_HWCONTROL_NONE;
 487              		.loc 1 331 3 is_stmt 1 view .LVU137
 331:Core/Src/main.c ****   huart2.Init.HwFlowCtl = UART_HWCONTROL_NONE;
 488              		.loc 1 331 20 is_stmt 0 view .LVU138
 489 0016 0C22     		movs	r2, #12
 490 0018 4261     		str	r2, [r0, #20]
 332:Core/Src/main.c ****   huart2.Init.OverSampling = UART_OVERSAMPLING_16;
 491              		.loc 1 332 3 is_stmt 1 view .LVU139
 332:Core/Src/main.c ****   huart2.Init.OverSampling = UART_OVERSAMPLING_16;
 492              		.loc 1 332 25 is_stmt 0 view .LVU140
 493 001a 8361     		str	r3, [r0, #24]
 333:Core/Src/main.c ****   huart2.Init.OneBitSampling = UART_ONE_BIT_SAMPLE_DISABLE;
 494              		.loc 1 333 3 is_stmt 1 view .LVU141
 333:Core/Src/main.c ****   huart2.Init.OneBitSampling = UART_ONE_BIT_SAMPLE_DISABLE;
 495              		.loc 1 333 28 is_stmt 0 view .LVU142
 496 001c C361     		str	r3, [r0, #28]
 334:Core/Src/main.c ****   huart2.AdvancedInit.AdvFeatureInit = UART_ADVFEATURE_NO_INIT;
 497              		.loc 1 334 3 is_stmt 1 view .LVU143
 334:Core/Src/main.c ****   huart2.AdvancedInit.AdvFeatureInit = UART_ADVFEATURE_NO_INIT;
 498              		.loc 1 334 30 is_stmt 0 view .LVU144
 499 001e 0362     		str	r3, [r0, #32]
 335:Core/Src/main.c ****   if (HAL_UART_Init(&huart2) != HAL_OK)
 500              		.loc 1 335 3 is_stmt 1 view .LVU145
 335:Core/Src/main.c ****   if (HAL_UART_Init(&huart2) != HAL_OK)
 501              		.loc 1 335 38 is_stmt 0 view .LVU146
ARM GAS  C:\Users\andywei\AppData\Local\Temp\cc1kzFJh.s 			page 22


 502 0020 4362     		str	r3, [r0, #36]
 336:Core/Src/main.c ****   {
 503              		.loc 1 336 3 is_stmt 1 view .LVU147
 336:Core/Src/main.c ****   {
 504              		.loc 1 336 7 is_stmt 0 view .LVU148
 505 0022 FFF7FEFF 		bl	HAL_UART_Init
 506              	.LVL21:
 336:Core/Src/main.c ****   {
 507              		.loc 1 336 6 view .LVU149
 508 0026 00B9     		cbnz	r0, .L24
 344:Core/Src/main.c **** 
 509              		.loc 1 344 1 view .LVU150
 510 0028 08BD     		pop	{r3, pc}
 511              	.L24:
 338:Core/Src/main.c ****   }
 512              		.loc 1 338 5 is_stmt 1 view .LVU151
 513 002a FFF7FEFF 		bl	Error_Handler
 514              	.LVL22:
 515              	.L26:
 516 002e 00BF     		.align	2
 517              	.L25:
 518 0030 00000000 		.word	.LANCHOR0
 519 0034 00440040 		.word	1073759232
 520              		.cfi_endproc
 521              	.LFE141:
 523              		.section	.text.MX_RTC_Init,"ax",%progbits
 524              		.align	1
 525              		.syntax unified
 526              		.thumb
 527              		.thumb_func
 528              		.fpu fpv4-sp-d16
 530              	MX_RTC_Init:
 531              	.LFB139:
 196:Core/Src/main.c **** 
 532              		.loc 1 196 1 view -0
 533              		.cfi_startproc
 534              		@ args = 0, pretend = 0, frame = 72
 535              		@ frame_needed = 0, uses_anonymous_args = 0
 536 0000 10B5     		push	{r4, lr}
 537              	.LCFI9:
 538              		.cfi_def_cfa_offset 8
 539              		.cfi_offset 4, -8
 540              		.cfi_offset 14, -4
 541 0002 92B0     		sub	sp, sp, #72
 542              	.LCFI10:
 543              		.cfi_def_cfa_offset 80
 202:Core/Src/main.c ****   RTC_DateTypeDef sDate = {0};
 544              		.loc 1 202 3 view .LVU153
 202:Core/Src/main.c ****   RTC_DateTypeDef sDate = {0};
 545              		.loc 1 202 19 is_stmt 0 view .LVU154
 546 0004 0024     		movs	r4, #0
 547 0006 0D94     		str	r4, [sp, #52]
 548 0008 0E94     		str	r4, [sp, #56]
 549 000a 0F94     		str	r4, [sp, #60]
 550 000c 1094     		str	r4, [sp, #64]
 551 000e 1194     		str	r4, [sp, #68]
 203:Core/Src/main.c ****   RTC_AlarmTypeDef sAlarm = {0};
ARM GAS  C:\Users\andywei\AppData\Local\Temp\cc1kzFJh.s 			page 23


 552              		.loc 1 203 3 is_stmt 1 view .LVU155
 203:Core/Src/main.c ****   RTC_AlarmTypeDef sAlarm = {0};
 553              		.loc 1 203 19 is_stmt 0 view .LVU156
 554 0010 0C94     		str	r4, [sp, #48]
 204:Core/Src/main.c **** 
 555              		.loc 1 204 3 is_stmt 1 view .LVU157
 204:Core/Src/main.c **** 
 556              		.loc 1 204 20 is_stmt 0 view .LVU158
 557 0012 2C22     		movs	r2, #44
 558 0014 2146     		mov	r1, r4
 559 0016 01A8     		add	r0, sp, #4
 560 0018 FFF7FEFF 		bl	memset
 561              	.LVL23:
 211:Core/Src/main.c ****   hrtc.Init.HourFormat = RTC_HOURFORMAT_24;
 562              		.loc 1 211 3 is_stmt 1 view .LVU159
 211:Core/Src/main.c ****   hrtc.Init.HourFormat = RTC_HOURFORMAT_24;
 563              		.loc 1 211 17 is_stmt 0 view .LVU160
 564 001c 2748     		ldr	r0, .L37
 565 001e 284B     		ldr	r3, .L37+4
 566 0020 0360     		str	r3, [r0]
 212:Core/Src/main.c ****   hrtc.Init.AsynchPrediv = 31;
 567              		.loc 1 212 3 is_stmt 1 view .LVU161
 212:Core/Src/main.c ****   hrtc.Init.AsynchPrediv = 31;
 568              		.loc 1 212 24 is_stmt 0 view .LVU162
 569 0022 4460     		str	r4, [r0, #4]
 213:Core/Src/main.c ****   hrtc.Init.SynchPrediv = 1023;
 570              		.loc 1 213 3 is_stmt 1 view .LVU163
 213:Core/Src/main.c ****   hrtc.Init.SynchPrediv = 1023;
 571              		.loc 1 213 26 is_stmt 0 view .LVU164
 572 0024 1F23     		movs	r3, #31
 573 0026 8360     		str	r3, [r0, #8]
 214:Core/Src/main.c ****   hrtc.Init.OutPut = RTC_OUTPUT_DISABLE;
 574              		.loc 1 214 3 is_stmt 1 view .LVU165
 214:Core/Src/main.c ****   hrtc.Init.OutPut = RTC_OUTPUT_DISABLE;
 575              		.loc 1 214 25 is_stmt 0 view .LVU166
 576 0028 40F2FF33 		movw	r3, #1023
 577 002c C360     		str	r3, [r0, #12]
 215:Core/Src/main.c ****   hrtc.Init.OutPutRemap = RTC_OUTPUT_REMAP_NONE;
 578              		.loc 1 215 3 is_stmt 1 view .LVU167
 215:Core/Src/main.c ****   hrtc.Init.OutPutRemap = RTC_OUTPUT_REMAP_NONE;
 579              		.loc 1 215 20 is_stmt 0 view .LVU168
 580 002e 0461     		str	r4, [r0, #16]
 216:Core/Src/main.c ****   hrtc.Init.OutPutPolarity = RTC_OUTPUT_POLARITY_HIGH;
 581              		.loc 1 216 3 is_stmt 1 view .LVU169
 216:Core/Src/main.c ****   hrtc.Init.OutPutPolarity = RTC_OUTPUT_POLARITY_HIGH;
 582              		.loc 1 216 25 is_stmt 0 view .LVU170
 583 0030 4461     		str	r4, [r0, #20]
 217:Core/Src/main.c ****   hrtc.Init.OutPutType = RTC_OUTPUT_TYPE_OPENDRAIN;
 584              		.loc 1 217 3 is_stmt 1 view .LVU171
 217:Core/Src/main.c ****   hrtc.Init.OutPutType = RTC_OUTPUT_TYPE_OPENDRAIN;
 585              		.loc 1 217 28 is_stmt 0 view .LVU172
 586 0032 8461     		str	r4, [r0, #24]
 218:Core/Src/main.c ****   if (HAL_RTC_Init(&hrtc) != HAL_OK)
 587              		.loc 1 218 3 is_stmt 1 view .LVU173
 218:Core/Src/main.c ****   if (HAL_RTC_Init(&hrtc) != HAL_OK)
 588              		.loc 1 218 24 is_stmt 0 view .LVU174
 589 0034 C461     		str	r4, [r0, #28]
ARM GAS  C:\Users\andywei\AppData\Local\Temp\cc1kzFJh.s 			page 24


 219:Core/Src/main.c ****   {
 590              		.loc 1 219 3 is_stmt 1 view .LVU175
 219:Core/Src/main.c ****   {
 591              		.loc 1 219 7 is_stmt 0 view .LVU176
 592 0036 FFF7FEFF 		bl	HAL_RTC_Init
 593              	.LVL24:
 219:Core/Src/main.c ****   {
 594              		.loc 1 219 6 view .LVU177
 595 003a 0028     		cmp	r0, #0
 596 003c 36D1     		bne	.L33
 230:Core/Src/main.c ****   sTime.Minutes = 0;
 597              		.loc 1 230 3 is_stmt 1 view .LVU178
 230:Core/Src/main.c ****   sTime.Minutes = 0;
 598              		.loc 1 230 15 is_stmt 0 view .LVU179
 599 003e 0022     		movs	r2, #0
 600 0040 8DF83420 		strb	r2, [sp, #52]
 231:Core/Src/main.c ****   sTime.Seconds = 0;
 601              		.loc 1 231 3 is_stmt 1 view .LVU180
 231:Core/Src/main.c ****   sTime.Seconds = 0;
 602              		.loc 1 231 17 is_stmt 0 view .LVU181
 603 0044 8DF83520 		strb	r2, [sp, #53]
 232:Core/Src/main.c ****   sTime.DayLightSaving = RTC_DAYLIGHTSAVING_NONE;
 604              		.loc 1 232 3 is_stmt 1 view .LVU182
 232:Core/Src/main.c ****   sTime.DayLightSaving = RTC_DAYLIGHTSAVING_NONE;
 605              		.loc 1 232 17 is_stmt 0 view .LVU183
 606 0048 8DF83620 		strb	r2, [sp, #54]
 233:Core/Src/main.c ****   sTime.StoreOperation = RTC_STOREOPERATION_RESET;
 607              		.loc 1 233 3 is_stmt 1 view .LVU184
 233:Core/Src/main.c ****   sTime.StoreOperation = RTC_STOREOPERATION_RESET;
 608              		.loc 1 233 24 is_stmt 0 view .LVU185
 609 004c 1092     		str	r2, [sp, #64]
 234:Core/Src/main.c ****   if (HAL_RTC_SetTime(&hrtc, &sTime, RTC_FORMAT_BIN) != HAL_OK)
 610              		.loc 1 234 3 is_stmt 1 view .LVU186
 234:Core/Src/main.c ****   if (HAL_RTC_SetTime(&hrtc, &sTime, RTC_FORMAT_BIN) != HAL_OK)
 611              		.loc 1 234 24 is_stmt 0 view .LVU187
 612 004e 1192     		str	r2, [sp, #68]
 235:Core/Src/main.c ****   {
 613              		.loc 1 235 3 is_stmt 1 view .LVU188
 235:Core/Src/main.c ****   {
 614              		.loc 1 235 7 is_stmt 0 view .LVU189
 615 0050 0DA9     		add	r1, sp, #52
 616 0052 1A48     		ldr	r0, .L37
 617 0054 FFF7FEFF 		bl	HAL_RTC_SetTime
 618              	.LVL25:
 235:Core/Src/main.c ****   {
 619              		.loc 1 235 6 view .LVU190
 620 0058 50BB     		cbnz	r0, .L34
 239:Core/Src/main.c ****   sDate.Month = RTC_MONTH_JANUARY;
 621              		.loc 1 239 3 is_stmt 1 view .LVU191
 239:Core/Src/main.c ****   sDate.Month = RTC_MONTH_JANUARY;
 622              		.loc 1 239 17 is_stmt 0 view .LVU192
 623 005a 0123     		movs	r3, #1
 624 005c 8DF83030 		strb	r3, [sp, #48]
 240:Core/Src/main.c ****   sDate.Date = 1;
 625              		.loc 1 240 3 is_stmt 1 view .LVU193
 240:Core/Src/main.c ****   sDate.Date = 1;
 626              		.loc 1 240 15 is_stmt 0 view .LVU194
ARM GAS  C:\Users\andywei\AppData\Local\Temp\cc1kzFJh.s 			page 25


 627 0060 8DF83130 		strb	r3, [sp, #49]
 241:Core/Src/main.c ****   sDate.Year = 0;
 628              		.loc 1 241 3 is_stmt 1 view .LVU195
 241:Core/Src/main.c ****   sDate.Year = 0;
 629              		.loc 1 241 14 is_stmt 0 view .LVU196
 630 0064 8DF83230 		strb	r3, [sp, #50]
 242:Core/Src/main.c **** 
 631              		.loc 1 242 3 is_stmt 1 view .LVU197
 242:Core/Src/main.c **** 
 632              		.loc 1 242 14 is_stmt 0 view .LVU198
 633 0068 0022     		movs	r2, #0
 634 006a 8DF83320 		strb	r2, [sp, #51]
 244:Core/Src/main.c ****   {
 635              		.loc 1 244 3 is_stmt 1 view .LVU199
 244:Core/Src/main.c ****   {
 636              		.loc 1 244 7 is_stmt 0 view .LVU200
 637 006e 0CA9     		add	r1, sp, #48
 638 0070 1248     		ldr	r0, .L37
 639 0072 FFF7FEFF 		bl	HAL_RTC_SetDate
 640              	.LVL26:
 244:Core/Src/main.c ****   {
 641              		.loc 1 244 6 view .LVU201
 642 0076 E8B9     		cbnz	r0, .L35
 250:Core/Src/main.c ****   sAlarm.AlarmTime.Minutes = 0;
 643              		.loc 1 250 3 is_stmt 1 view .LVU202
 250:Core/Src/main.c ****   sAlarm.AlarmTime.Minutes = 0;
 644              		.loc 1 250 26 is_stmt 0 view .LVU203
 645 0078 0022     		movs	r2, #0
 646 007a 8DF80420 		strb	r2, [sp, #4]
 251:Core/Src/main.c ****   sAlarm.AlarmTime.Seconds = 0;
 647              		.loc 1 251 3 is_stmt 1 view .LVU204
 251:Core/Src/main.c ****   sAlarm.AlarmTime.Seconds = 0;
 648              		.loc 1 251 28 is_stmt 0 view .LVU205
 649 007e 8DF80520 		strb	r2, [sp, #5]
 252:Core/Src/main.c ****   sAlarm.AlarmTime.SubSeconds = 0;
 650              		.loc 1 252 3 is_stmt 1 view .LVU206
 252:Core/Src/main.c ****   sAlarm.AlarmTime.SubSeconds = 0;
 651              		.loc 1 252 28 is_stmt 0 view .LVU207
 652 0082 8DF80620 		strb	r2, [sp, #6]
 253:Core/Src/main.c ****   sAlarm.AlarmTime.DayLightSaving = RTC_DAYLIGHTSAVING_NONE;
 653              		.loc 1 253 3 is_stmt 1 view .LVU208
 253:Core/Src/main.c ****   sAlarm.AlarmTime.DayLightSaving = RTC_DAYLIGHTSAVING_NONE;
 654              		.loc 1 253 31 is_stmt 0 view .LVU209
 655 0086 0292     		str	r2, [sp, #8]
 254:Core/Src/main.c ****   sAlarm.AlarmTime.StoreOperation = RTC_STOREOPERATION_RESET;
 656              		.loc 1 254 3 is_stmt 1 view .LVU210
 254:Core/Src/main.c ****   sAlarm.AlarmTime.StoreOperation = RTC_STOREOPERATION_RESET;
 657              		.loc 1 254 35 is_stmt 0 view .LVU211
 658 0088 0492     		str	r2, [sp, #16]
 255:Core/Src/main.c ****   sAlarm.AlarmMask = RTC_ALARMMASK_NONE;
 659              		.loc 1 255 3 is_stmt 1 view .LVU212
 255:Core/Src/main.c ****   sAlarm.AlarmMask = RTC_ALARMMASK_NONE;
 660              		.loc 1 255 35 is_stmt 0 view .LVU213
 661 008a 0592     		str	r2, [sp, #20]
 256:Core/Src/main.c ****   sAlarm.AlarmSubSecondMask = RTC_ALARMSUBSECONDMASK_ALL;
 662              		.loc 1 256 3 is_stmt 1 view .LVU214
 256:Core/Src/main.c ****   sAlarm.AlarmSubSecondMask = RTC_ALARMSUBSECONDMASK_ALL;
ARM GAS  C:\Users\andywei\AppData\Local\Temp\cc1kzFJh.s 			page 26


 663              		.loc 1 256 20 is_stmt 0 view .LVU215
 664 008c 0692     		str	r2, [sp, #24]
 257:Core/Src/main.c ****   sAlarm.AlarmDateWeekDaySel = RTC_ALARMDATEWEEKDAYSEL_DATE;
 665              		.loc 1 257 3 is_stmt 1 view .LVU216
 257:Core/Src/main.c ****   sAlarm.AlarmDateWeekDaySel = RTC_ALARMDATEWEEKDAYSEL_DATE;
 666              		.loc 1 257 29 is_stmt 0 view .LVU217
 667 008e 0892     		str	r2, [sp, #32]
 258:Core/Src/main.c ****   sAlarm.AlarmDateWeekDay = 1;
 668              		.loc 1 258 3 is_stmt 1 view .LVU218
 258:Core/Src/main.c ****   sAlarm.AlarmDateWeekDay = 1;
 669              		.loc 1 258 30 is_stmt 0 view .LVU219
 670 0090 0992     		str	r2, [sp, #36]
 259:Core/Src/main.c ****   sAlarm.Alarm = RTC_ALARM_A;
 671              		.loc 1 259 3 is_stmt 1 view .LVU220
 259:Core/Src/main.c ****   sAlarm.Alarm = RTC_ALARM_A;
 672              		.loc 1 259 27 is_stmt 0 view .LVU221
 673 0092 0123     		movs	r3, #1
 674 0094 8DF82830 		strb	r3, [sp, #40]
 260:Core/Src/main.c ****   if (HAL_RTC_SetAlarm_IT(&hrtc, &sAlarm, RTC_FORMAT_BIN) != HAL_OK)
 675              		.loc 1 260 3 is_stmt 1 view .LVU222
 260:Core/Src/main.c ****   if (HAL_RTC_SetAlarm_IT(&hrtc, &sAlarm, RTC_FORMAT_BIN) != HAL_OK)
 676              		.loc 1 260 16 is_stmt 0 view .LVU223
 677 0098 4FF48073 		mov	r3, #256
 678 009c 0B93     		str	r3, [sp, #44]
 261:Core/Src/main.c ****   {
 679              		.loc 1 261 3 is_stmt 1 view .LVU224
 261:Core/Src/main.c ****   {
 680              		.loc 1 261 7 is_stmt 0 view .LVU225
 681 009e 01A9     		add	r1, sp, #4
 682 00a0 0648     		ldr	r0, .L37
 683 00a2 FFF7FEFF 		bl	HAL_RTC_SetAlarm_IT
 684              	.LVL27:
 261:Core/Src/main.c ****   {
 685              		.loc 1 261 6 view .LVU226
 686 00a6 38B9     		cbnz	r0, .L36
 269:Core/Src/main.c **** 
 687              		.loc 1 269 1 view .LVU227
 688 00a8 12B0     		add	sp, sp, #72
 689              	.LCFI11:
 690              		.cfi_remember_state
 691              		.cfi_def_cfa_offset 8
 692              		@ sp needed
 693 00aa 10BD     		pop	{r4, pc}
 694              	.L33:
 695              	.LCFI12:
 696              		.cfi_restore_state
 221:Core/Src/main.c ****   }
 697              		.loc 1 221 5 is_stmt 1 view .LVU228
 698 00ac FFF7FEFF 		bl	Error_Handler
 699              	.LVL28:
 700              	.L34:
 237:Core/Src/main.c ****   }
 701              		.loc 1 237 5 view .LVU229
 702 00b0 FFF7FEFF 		bl	Error_Handler
 703              	.LVL29:
 704              	.L35:
 246:Core/Src/main.c ****   }
ARM GAS  C:\Users\andywei\AppData\Local\Temp\cc1kzFJh.s 			page 27


 705              		.loc 1 246 5 view .LVU230
 706 00b4 FFF7FEFF 		bl	Error_Handler
 707              	.LVL30:
 708              	.L36:
 263:Core/Src/main.c ****   }
 709              		.loc 1 263 5 view .LVU231
 710 00b8 FFF7FEFF 		bl	Error_Handler
 711              	.LVL31:
 712              	.L38:
 713              		.align	2
 714              	.L37:
 715 00bc 00000000 		.word	.LANCHOR2
 716 00c0 00280040 		.word	1073752064
 717              		.cfi_endproc
 718              	.LFE139:
 720              		.section	.text.SystemClock_Config,"ax",%progbits
 721              		.align	1
 722              		.global	SystemClock_Config
 723              		.syntax unified
 724              		.thumb
 725              		.thumb_func
 726              		.fpu fpv4-sp-d16
 728              	SystemClock_Config:
 729              	.LFB138:
 139:Core/Src/main.c ****   RCC_OscInitTypeDef RCC_OscInitStruct = {0};
 730              		.loc 1 139 1 view -0
 731              		.cfi_startproc
 732              		@ args = 0, pretend = 0, frame = 224
 733              		@ frame_needed = 0, uses_anonymous_args = 0
 734 0000 00B5     		push	{lr}
 735              	.LCFI13:
 736              		.cfi_def_cfa_offset 4
 737              		.cfi_offset 14, -4
 738 0002 B9B0     		sub	sp, sp, #228
 739              	.LCFI14:
 740              		.cfi_def_cfa_offset 232
 140:Core/Src/main.c ****   RCC_ClkInitTypeDef RCC_ClkInitStruct = {0};
 741              		.loc 1 140 3 view .LVU233
 140:Core/Src/main.c ****   RCC_ClkInitTypeDef RCC_ClkInitStruct = {0};
 742              		.loc 1 140 22 is_stmt 0 view .LVU234
 743 0004 4422     		movs	r2, #68
 744 0006 0021     		movs	r1, #0
 745 0008 27A8     		add	r0, sp, #156
 746 000a FFF7FEFF 		bl	memset
 747              	.LVL32:
 141:Core/Src/main.c ****   RCC_PeriphCLKInitTypeDef PeriphClkInit = {0};
 748              		.loc 1 141 3 is_stmt 1 view .LVU235
 141:Core/Src/main.c ****   RCC_PeriphCLKInitTypeDef PeriphClkInit = {0};
 749              		.loc 1 141 22 is_stmt 0 view .LVU236
 750 000e 0021     		movs	r1, #0
 751 0010 2291     		str	r1, [sp, #136]
 752 0012 2391     		str	r1, [sp, #140]
 753 0014 2491     		str	r1, [sp, #144]
 754 0016 2591     		str	r1, [sp, #148]
 755 0018 2691     		str	r1, [sp, #152]
 142:Core/Src/main.c **** 
 756              		.loc 1 142 3 is_stmt 1 view .LVU237
ARM GAS  C:\Users\andywei\AppData\Local\Temp\cc1kzFJh.s 			page 28


 142:Core/Src/main.c **** 
 757              		.loc 1 142 28 is_stmt 0 view .LVU238
 758 001a 8822     		movs	r2, #136
 759 001c 6846     		mov	r0, sp
 760 001e FFF7FEFF 		bl	memset
 761              	.LVL33:
 147:Core/Src/main.c ****   RCC_OscInitStruct.HSIState = RCC_HSI_ON;
 762              		.loc 1 147 3 is_stmt 1 view .LVU239
 147:Core/Src/main.c ****   RCC_OscInitStruct.HSIState = RCC_HSI_ON;
 763              		.loc 1 147 36 is_stmt 0 view .LVU240
 764 0022 0A22     		movs	r2, #10
 765 0024 2792     		str	r2, [sp, #156]
 148:Core/Src/main.c ****   RCC_OscInitStruct.HSICalibrationValue = RCC_HSICALIBRATION_DEFAULT;
 766              		.loc 1 148 3 is_stmt 1 view .LVU241
 148:Core/Src/main.c ****   RCC_OscInitStruct.HSICalibrationValue = RCC_HSICALIBRATION_DEFAULT;
 767              		.loc 1 148 30 is_stmt 0 view .LVU242
 768 0026 4FF48073 		mov	r3, #256
 769 002a 2A93     		str	r3, [sp, #168]
 149:Core/Src/main.c ****   RCC_OscInitStruct.LSIState = RCC_LSI_ON;
 770              		.loc 1 149 3 is_stmt 1 view .LVU243
 149:Core/Src/main.c ****   RCC_OscInitStruct.LSIState = RCC_LSI_ON;
 771              		.loc 1 149 41 is_stmt 0 view .LVU244
 772 002c 1023     		movs	r3, #16
 773 002e 2B93     		str	r3, [sp, #172]
 150:Core/Src/main.c ****   RCC_OscInitStruct.PLL.PLLState = RCC_PLL_ON;
 774              		.loc 1 150 3 is_stmt 1 view .LVU245
 150:Core/Src/main.c ****   RCC_OscInitStruct.PLL.PLLState = RCC_PLL_ON;
 775              		.loc 1 150 30 is_stmt 0 view .LVU246
 776 0030 0121     		movs	r1, #1
 777 0032 2C91     		str	r1, [sp, #176]
 151:Core/Src/main.c ****   RCC_OscInitStruct.PLL.PLLSource = RCC_PLLSOURCE_HSI;
 778              		.loc 1 151 3 is_stmt 1 view .LVU247
 151:Core/Src/main.c ****   RCC_OscInitStruct.PLL.PLLSource = RCC_PLLSOURCE_HSI;
 779              		.loc 1 151 34 is_stmt 0 view .LVU248
 780 0034 0223     		movs	r3, #2
 781 0036 3193     		str	r3, [sp, #196]
 152:Core/Src/main.c ****   RCC_OscInitStruct.PLL.PLLM = 1;
 782              		.loc 1 152 3 is_stmt 1 view .LVU249
 152:Core/Src/main.c ****   RCC_OscInitStruct.PLL.PLLM = 1;
 783              		.loc 1 152 35 is_stmt 0 view .LVU250
 784 0038 3293     		str	r3, [sp, #200]
 153:Core/Src/main.c ****   RCC_OscInitStruct.PLL.PLLN = 10;
 785              		.loc 1 153 3 is_stmt 1 view .LVU251
 153:Core/Src/main.c ****   RCC_OscInitStruct.PLL.PLLN = 10;
 786              		.loc 1 153 30 is_stmt 0 view .LVU252
 787 003a 3391     		str	r1, [sp, #204]
 154:Core/Src/main.c ****   RCC_OscInitStruct.PLL.PLLP = RCC_PLLP_DIV7;
 788              		.loc 1 154 3 is_stmt 1 view .LVU253
 154:Core/Src/main.c ****   RCC_OscInitStruct.PLL.PLLP = RCC_PLLP_DIV7;
 789              		.loc 1 154 30 is_stmt 0 view .LVU254
 790 003c 3492     		str	r2, [sp, #208]
 155:Core/Src/main.c ****   RCC_OscInitStruct.PLL.PLLQ = RCC_PLLQ_DIV2;
 791              		.loc 1 155 3 is_stmt 1 view .LVU255
 155:Core/Src/main.c ****   RCC_OscInitStruct.PLL.PLLQ = RCC_PLLQ_DIV2;
 792              		.loc 1 155 30 is_stmt 0 view .LVU256
 793 003e 0722     		movs	r2, #7
 794 0040 3592     		str	r2, [sp, #212]
ARM GAS  C:\Users\andywei\AppData\Local\Temp\cc1kzFJh.s 			page 29


 156:Core/Src/main.c ****   RCC_OscInitStruct.PLL.PLLR = RCC_PLLR_DIV2;
 795              		.loc 1 156 3 is_stmt 1 view .LVU257
 156:Core/Src/main.c ****   RCC_OscInitStruct.PLL.PLLR = RCC_PLLR_DIV2;
 796              		.loc 1 156 30 is_stmt 0 view .LVU258
 797 0042 3693     		str	r3, [sp, #216]
 157:Core/Src/main.c ****   if (HAL_RCC_OscConfig(&RCC_OscInitStruct) != HAL_OK)
 798              		.loc 1 157 3 is_stmt 1 view .LVU259
 157:Core/Src/main.c ****   if (HAL_RCC_OscConfig(&RCC_OscInitStruct) != HAL_OK)
 799              		.loc 1 157 30 is_stmt 0 view .LVU260
 800 0044 3793     		str	r3, [sp, #220]
 158:Core/Src/main.c ****   {
 801              		.loc 1 158 3 is_stmt 1 view .LVU261
 158:Core/Src/main.c ****   {
 802              		.loc 1 158 7 is_stmt 0 view .LVU262
 803 0046 27A8     		add	r0, sp, #156
 804 0048 FFF7FEFF 		bl	HAL_RCC_OscConfig
 805              	.LVL34:
 158:Core/Src/main.c ****   {
 806              		.loc 1 158 6 view .LVU263
 807 004c 00BB     		cbnz	r0, .L45
 164:Core/Src/main.c ****                               |RCC_CLOCKTYPE_PCLK1|RCC_CLOCKTYPE_PCLK2;
 808              		.loc 1 164 3 is_stmt 1 view .LVU264
 164:Core/Src/main.c ****                               |RCC_CLOCKTYPE_PCLK1|RCC_CLOCKTYPE_PCLK2;
 809              		.loc 1 164 31 is_stmt 0 view .LVU265
 810 004e 0F23     		movs	r3, #15
 811 0050 2293     		str	r3, [sp, #136]
 166:Core/Src/main.c ****   RCC_ClkInitStruct.AHBCLKDivider = RCC_SYSCLK_DIV1;
 812              		.loc 1 166 3 is_stmt 1 view .LVU266
 166:Core/Src/main.c ****   RCC_ClkInitStruct.AHBCLKDivider = RCC_SYSCLK_DIV1;
 813              		.loc 1 166 34 is_stmt 0 view .LVU267
 814 0052 0323     		movs	r3, #3
 815 0054 2393     		str	r3, [sp, #140]
 167:Core/Src/main.c ****   RCC_ClkInitStruct.APB1CLKDivider = RCC_HCLK_DIV1;
 816              		.loc 1 167 3 is_stmt 1 view .LVU268
 167:Core/Src/main.c ****   RCC_ClkInitStruct.APB1CLKDivider = RCC_HCLK_DIV1;
 817              		.loc 1 167 35 is_stmt 0 view .LVU269
 818 0056 0023     		movs	r3, #0
 819 0058 2493     		str	r3, [sp, #144]
 168:Core/Src/main.c ****   RCC_ClkInitStruct.APB2CLKDivider = RCC_HCLK_DIV1;
 820              		.loc 1 168 3 is_stmt 1 view .LVU270
 168:Core/Src/main.c ****   RCC_ClkInitStruct.APB2CLKDivider = RCC_HCLK_DIV1;
 821              		.loc 1 168 36 is_stmt 0 view .LVU271
 822 005a 2593     		str	r3, [sp, #148]
 169:Core/Src/main.c **** 
 823              		.loc 1 169 3 is_stmt 1 view .LVU272
 169:Core/Src/main.c **** 
 824              		.loc 1 169 36 is_stmt 0 view .LVU273
 825 005c 2693     		str	r3, [sp, #152]
 171:Core/Src/main.c ****   {
 826              		.loc 1 171 3 is_stmt 1 view .LVU274
 171:Core/Src/main.c ****   {
 827              		.loc 1 171 7 is_stmt 0 view .LVU275
 828 005e 0421     		movs	r1, #4
 829 0060 22A8     		add	r0, sp, #136
 830 0062 FFF7FEFF 		bl	HAL_RCC_ClockConfig
 831              	.LVL35:
 171:Core/Src/main.c ****   {
ARM GAS  C:\Users\andywei\AppData\Local\Temp\cc1kzFJh.s 			page 30


 832              		.loc 1 171 6 view .LVU276
 833 0066 A8B9     		cbnz	r0, .L46
 175:Core/Src/main.c ****   PeriphClkInit.Usart2ClockSelection = RCC_USART2CLKSOURCE_PCLK1;
 834              		.loc 1 175 3 is_stmt 1 view .LVU277
 175:Core/Src/main.c ****   PeriphClkInit.Usart2ClockSelection = RCC_USART2CLKSOURCE_PCLK1;
 835              		.loc 1 175 38 is_stmt 0 view .LVU278
 836 0068 4FF00213 		mov	r3, #131074
 837 006c 0093     		str	r3, [sp]
 176:Core/Src/main.c ****   PeriphClkInit.RTCClockSelection = RCC_RTCCLKSOURCE_LSI;
 838              		.loc 1 176 3 is_stmt 1 view .LVU279
 176:Core/Src/main.c ****   PeriphClkInit.RTCClockSelection = RCC_RTCCLKSOURCE_LSI;
 839              		.loc 1 176 38 is_stmt 0 view .LVU280
 840 006e 0023     		movs	r3, #0
 841 0070 0F93     		str	r3, [sp, #60]
 177:Core/Src/main.c ****   if (HAL_RCCEx_PeriphCLKConfig(&PeriphClkInit) != HAL_OK)
 842              		.loc 1 177 3 is_stmt 1 view .LVU281
 177:Core/Src/main.c ****   if (HAL_RCCEx_PeriphCLKConfig(&PeriphClkInit) != HAL_OK)
 843              		.loc 1 177 35 is_stmt 0 view .LVU282
 844 0072 4FF40073 		mov	r3, #512
 845 0076 2193     		str	r3, [sp, #132]
 178:Core/Src/main.c ****   {
 846              		.loc 1 178 3 is_stmt 1 view .LVU283
 178:Core/Src/main.c ****   {
 847              		.loc 1 178 7 is_stmt 0 view .LVU284
 848 0078 6846     		mov	r0, sp
 849 007a FFF7FEFF 		bl	HAL_RCCEx_PeriphCLKConfig
 850              	.LVL36:
 178:Core/Src/main.c ****   {
 851              		.loc 1 178 6 view .LVU285
 852 007e 58B9     		cbnz	r0, .L47
 184:Core/Src/main.c ****   {
 853              		.loc 1 184 3 is_stmt 1 view .LVU286
 184:Core/Src/main.c ****   {
 854              		.loc 1 184 7 is_stmt 0 view .LVU287
 855 0080 4FF40070 		mov	r0, #512
 856 0084 FFF7FEFF 		bl	HAL_PWREx_ControlVoltageScaling
 857              	.LVL37:
 184:Core/Src/main.c ****   {
 858              		.loc 1 184 6 view .LVU288
 859 0088 40B9     		cbnz	r0, .L48
 188:Core/Src/main.c **** 
 860              		.loc 1 188 1 view .LVU289
 861 008a 39B0     		add	sp, sp, #228
 862              	.LCFI15:
 863              		.cfi_remember_state
 864              		.cfi_def_cfa_offset 4
 865              		@ sp needed
 866 008c 5DF804FB 		ldr	pc, [sp], #4
 867              	.L45:
 868              	.LCFI16:
 869              		.cfi_restore_state
 160:Core/Src/main.c ****   }
 870              		.loc 1 160 5 is_stmt 1 view .LVU290
 871 0090 FFF7FEFF 		bl	Error_Handler
 872              	.LVL38:
 873              	.L46:
 173:Core/Src/main.c ****   }
ARM GAS  C:\Users\andywei\AppData\Local\Temp\cc1kzFJh.s 			page 31


 874              		.loc 1 173 5 view .LVU291
 875 0094 FFF7FEFF 		bl	Error_Handler
 876              	.LVL39:
 877              	.L47:
 180:Core/Src/main.c ****   }
 878              		.loc 1 180 5 view .LVU292
 879 0098 FFF7FEFF 		bl	Error_Handler
 880              	.LVL40:
 881              	.L48:
 186:Core/Src/main.c ****   }
 882              		.loc 1 186 5 view .LVU293
 883 009c FFF7FEFF 		bl	Error_Handler
 884              	.LVL41:
 885              		.cfi_endproc
 886              	.LFE138:
 888              		.section	.rodata.main.str1.4,"aMS",%progbits,1
 889              		.align	2
 890              	.LC0:
 891 0000 74686520 		.ascii	"the is gcc application\000"
 891      69732067 
 891      63632061 
 891      70706C69 
 891      63617469 
 892              		.section	.text.main,"ax",%progbits
 893              		.align	1
 894              		.global	main
 895              		.syntax unified
 896              		.thumb
 897              		.thumb_func
 898              		.fpu fpv4-sp-d16
 900              	main:
 901              	.LFB137:
  89:Core/Src/main.c ****   /* USER CODE BEGIN 1 */
 902              		.loc 1 89 1 view -0
 903              		.cfi_startproc
 904              		@ Volatile: function does not return.
 905              		@ args = 0, pretend = 0, frame = 0
 906              		@ frame_needed = 0, uses_anonymous_args = 0
 907 0000 08B5     		push	{r3, lr}
 908              	.LCFI17:
 909              		.cfi_def_cfa_offset 8
 910              		.cfi_offset 3, -8
 911              		.cfi_offset 14, -4
  97:Core/Src/main.c **** 
 912              		.loc 1 97 3 view .LVU295
 913 0002 FFF7FEFF 		bl	HAL_Init
 914              	.LVL42:
 104:Core/Src/main.c **** 
 915              		.loc 1 104 3 view .LVU296
 916 0006 FFF7FEFF 		bl	SystemClock_Config
 917              	.LVL43:
 111:Core/Src/main.c ****   MX_SPI1_Init();
 918              		.loc 1 111 3 view .LVU297
 919 000a FFF7FEFF 		bl	MX_GPIO_Init
 920              	.LVL44:
 112:Core/Src/main.c ****   MX_USART2_UART_Init();
 921              		.loc 1 112 3 view .LVU298
ARM GAS  C:\Users\andywei\AppData\Local\Temp\cc1kzFJh.s 			page 32


 922 000e FFF7FEFF 		bl	MX_SPI1_Init
 923              	.LVL45:
 113:Core/Src/main.c ****   MX_RTC_Init();
 924              		.loc 1 113 3 view .LVU299
 925 0012 FFF7FEFF 		bl	MX_USART2_UART_Init
 926              	.LVL46:
 114:Core/Src/main.c ****   /* USER CODE BEGIN 2 */
 927              		.loc 1 114 3 view .LVU300
 928 0016 FFF7FEFF 		bl	MX_RTC_Init
 929              	.LVL47:
 116:Core/Src/main.c ****   // sx126x_tx_cw();
 930              		.loc 1 116 3 view .LVU301
 931 001a FFF7FEFF 		bl	sx126x_init
 932              	.LVL48:
 933              	.L50:
 122:Core/Src/main.c ****   {
 934              		.loc 1 122 3 discriminator 1 view .LVU302
 124:Core/Src/main.c ****     HAL_Delay(200);
 935              		.loc 1 124 5 discriminator 1 view .LVU303
 936 001e 0448     		ldr	r0, .L52
 937 0020 FFF7FEFF 		bl	puts
 938              	.LVL49:
 125:Core/Src/main.c ****     sx126x_test();
 939              		.loc 1 125 5 discriminator 1 view .LVU304
 940 0024 C820     		movs	r0, #200
 941 0026 FFF7FEFF 		bl	HAL_Delay
 942              	.LVL50:
 126:Core/Src/main.c ****     /* USER CODE END WHILE */
 943              		.loc 1 126 5 discriminator 1 view .LVU305
 944 002a FFF7FEFF 		bl	sx126x_test
 945              	.LVL51:
 122:Core/Src/main.c ****   {
 946              		.loc 1 122 9 discriminator 1 view .LVU306
 947 002e F6E7     		b	.L50
 948              	.L53:
 949              		.align	2
 950              	.L52:
 951 0030 00000000 		.word	.LC0
 952              		.cfi_endproc
 953              	.LFE137:
 955              		.global	huart2
 956              		.global	hspi1
 957              		.global	hrtc
 958              		.section	.bss.hrtc,"aw",%nobits
 959              		.align	2
 960              		.set	.LANCHOR2,. + 0
 963              	hrtc:
 964 0000 00000000 		.space	36
 964      00000000 
 964      00000000 
 964      00000000 
 964      00000000 
 965              		.section	.bss.hspi1,"aw",%nobits
 966              		.align	2
 967              		.set	.LANCHOR1,. + 0
 970              	hspi1:
 971 0000 00000000 		.space	100
ARM GAS  C:\Users\andywei\AppData\Local\Temp\cc1kzFJh.s 			page 33


 971      00000000 
 971      00000000 
 971      00000000 
 971      00000000 
 972              		.section	.bss.huart2,"aw",%nobits
 973              		.align	2
 974              		.set	.LANCHOR0,. + 0
 977              	huart2:
 978 0000 00000000 		.space	128
 978      00000000 
 978      00000000 
 978      00000000 
 978      00000000 
 979              		.text
 980              	.Letext0:
 981              		.file 3 "c:\\gnu arm embedded toolchain\\10 2020-q4-major\\arm-none-eabi\\include\\machine\\_defau
 982              		.file 4 "c:\\gnu arm embedded toolchain\\10 2020-q4-major\\arm-none-eabi\\include\\sys\\_stdint.h"
 983              		.file 5 "Drivers/CMSIS/Device/ST/STM32L4xx/Include/stm32l476xx.h"
 984              		.file 6 "Drivers/STM32L4xx_HAL_Driver/Inc/stm32l4xx_hal_def.h"
 985              		.file 7 "Drivers/STM32L4xx_HAL_Driver/Inc/stm32l4xx_hal_rcc.h"
 986              		.file 8 "Drivers/STM32L4xx_HAL_Driver/Inc/stm32l4xx_hal_rcc_ex.h"
 987              		.file 9 "Drivers/STM32L4xx_HAL_Driver/Inc/stm32l4xx_hal_gpio.h"
 988              		.file 10 "Drivers/STM32L4xx_HAL_Driver/Inc/stm32l4xx_hal_dma.h"
 989              		.file 11 "Drivers/STM32L4xx_HAL_Driver/Inc/stm32l4xx_hal_rtc.h"
 990              		.file 12 "Drivers/STM32L4xx_HAL_Driver/Inc/stm32l4xx_hal_spi.h"
 991              		.file 13 "Drivers/STM32L4xx_HAL_Driver/Inc/stm32l4xx_hal_uart.h"
 992              		.file 14 "Drivers/STM32L4xx_HAL_Driver/Inc/stm32l4xx_hal_cortex.h"
 993              		.file 15 "Drivers/STM32L4xx_HAL_Driver/Inc/stm32l4xx_hal_pwr_ex.h"
 994              		.file 16 "Drivers/STM32L4xx_HAL_Driver/Inc/stm32l4xx_hal.h"
 995              		.file 17 "Drivers/sx126x/sx126x_driver.h"
 996              		.file 18 "<built-in>"
ARM GAS  C:\Users\andywei\AppData\Local\Temp\cc1kzFJh.s 			page 34


DEFINED SYMBOLS
                            *ABS*:00000000 main.c
C:\Users\andywei\AppData\Local\Temp\cc1kzFJh.s:18     .text.MX_GPIO_Init:00000000 $t
C:\Users\andywei\AppData\Local\Temp\cc1kzFJh.s:25     .text.MX_GPIO_Init:00000000 MX_GPIO_Init
C:\Users\andywei\AppData\Local\Temp\cc1kzFJh.s:202    .text.MX_GPIO_Init:000000d4 $d
C:\Users\andywei\AppData\Local\Temp\cc1kzFJh.s:210    .text.SER_PutChar:00000000 $t
C:\Users\andywei\AppData\Local\Temp\cc1kzFJh.s:217    .text.SER_PutChar:00000000 SER_PutChar
C:\Users\andywei\AppData\Local\Temp\cc1kzFJh.s:260    .text.SER_PutChar:00000020 $d
C:\Users\andywei\AppData\Local\Temp\cc1kzFJh.s:265    .text._write:00000000 $t
C:\Users\andywei\AppData\Local\Temp\cc1kzFJh.s:272    .text._write:00000000 _write
C:\Users\andywei\AppData\Local\Temp\cc1kzFJh.s:323    .text.Error_Handler:00000000 $t
C:\Users\andywei\AppData\Local\Temp\cc1kzFJh.s:330    .text.Error_Handler:00000000 Error_Handler
C:\Users\andywei\AppData\Local\Temp\cc1kzFJh.s:362    .text.MX_SPI1_Init:00000000 $t
C:\Users\andywei\AppData\Local\Temp\cc1kzFJh.s:368    .text.MX_SPI1_Init:00000000 MX_SPI1_Init
C:\Users\andywei\AppData\Local\Temp\cc1kzFJh.s:445    .text.MX_SPI1_Init:00000044 $d
C:\Users\andywei\AppData\Local\Temp\cc1kzFJh.s:451    .text.MX_USART2_UART_Init:00000000 $t
C:\Users\andywei\AppData\Local\Temp\cc1kzFJh.s:457    .text.MX_USART2_UART_Init:00000000 MX_USART2_UART_Init
C:\Users\andywei\AppData\Local\Temp\cc1kzFJh.s:518    .text.MX_USART2_UART_Init:00000030 $d
C:\Users\andywei\AppData\Local\Temp\cc1kzFJh.s:524    .text.MX_RTC_Init:00000000 $t
C:\Users\andywei\AppData\Local\Temp\cc1kzFJh.s:530    .text.MX_RTC_Init:00000000 MX_RTC_Init
C:\Users\andywei\AppData\Local\Temp\cc1kzFJh.s:715    .text.MX_RTC_Init:000000bc $d
C:\Users\andywei\AppData\Local\Temp\cc1kzFJh.s:721    .text.SystemClock_Config:00000000 $t
C:\Users\andywei\AppData\Local\Temp\cc1kzFJh.s:728    .text.SystemClock_Config:00000000 SystemClock_Config
C:\Users\andywei\AppData\Local\Temp\cc1kzFJh.s:889    .rodata.main.str1.4:00000000 $d
C:\Users\andywei\AppData\Local\Temp\cc1kzFJh.s:893    .text.main:00000000 $t
C:\Users\andywei\AppData\Local\Temp\cc1kzFJh.s:900    .text.main:00000000 main
C:\Users\andywei\AppData\Local\Temp\cc1kzFJh.s:951    .text.main:00000030 $d
C:\Users\andywei\AppData\Local\Temp\cc1kzFJh.s:977    .bss.huart2:00000000 huart2
C:\Users\andywei\AppData\Local\Temp\cc1kzFJh.s:970    .bss.hspi1:00000000 hspi1
C:\Users\andywei\AppData\Local\Temp\cc1kzFJh.s:963    .bss.hrtc:00000000 hrtc
C:\Users\andywei\AppData\Local\Temp\cc1kzFJh.s:959    .bss.hrtc:00000000 $d
C:\Users\andywei\AppData\Local\Temp\cc1kzFJh.s:966    .bss.hspi1:00000000 $d
C:\Users\andywei\AppData\Local\Temp\cc1kzFJh.s:973    .bss.huart2:00000000 $d

UNDEFINED SYMBOLS
HAL_GPIO_WritePin
HAL_GPIO_Init
HAL_NVIC_SetPriority
HAL_NVIC_EnableIRQ
HAL_UART_Transmit
HAL_SPI_Init
HAL_UART_Init
memset
HAL_RTC_Init
HAL_RTC_SetTime
HAL_RTC_SetDate
HAL_RTC_SetAlarm_IT
HAL_RCC_OscConfig
HAL_RCC_ClockConfig
HAL_RCCEx_PeriphCLKConfig
HAL_PWREx_ControlVoltageScaling
HAL_Init
sx126x_init
puts
HAL_Delay
sx126x_test
